[09:07:09] [Info] こんにちは！ Booting Zettlr at Wed Sep 20 2023 09:07:09 GMT-0300 (Brasilia Standard Time).
[09:07:09] [Info] Registering custom protocol safe-file
[09:07:09] [Warning] [Assets Provider] Found outdated filter links.lua; copying ...
[09:07:09] [Warning] [Assets Provider] Found outdated filter tags.lua; copying ...
[09:07:09] [Info] [Citeproc Provider] Loading CSL locale file at /usr/lib/zettlr/resources/app.asar/.webpack/main/assets/csl-locales/locales-en-US.xml ...
[09:07:09] [Info] [Update Provider] Checking for application updates ...
[09:07:09] [Info] [Updater] Checking https://zettlr.com/api/releases/latest for updates ...
[09:07:09] [Info] [FSAL] Loaded all files and workspaces in 0.08 seconds
[09:07:09] [Info] [Window Manager] Window Manager started.
[09:07:09] [Info] [Document Manager] Restored 1 open windows.
[09:07:09] [Info] [AppServiceContainer] Boot successful!
[09:07:09] [Info] [Application] Added /usr/lib/zettlr/resources to PATH.
[09:07:09] [Info] [Application] The bundled pandoc executable is now in PATH. If you do not want to use the bundled pandoc, uncheck the corresponding setting and reboot the app.
[09:07:10] [Error] [Update Provider] UNABLE_TO_GET_ISSUER_CERT_LOCALLY: Could not check for updates. RequestError: unable to get local issuer certificate
[10:08:40] [Info] [WATCHDOG] Emitting event: change:/home/fabioscalzer/projetos/documentação/documentacao/Tarefas.md
[10:08:40] [Info] [DocumentManager] Processing change for /home/fabioscalzer/projetos/documentação/documentacao/Tarefas.md
[10:08:40] [Info] [DocumentManager] File /home/fabioscalzer/projetos/documentação/documentacao/Tarefas.md saved.
[10:29:43] [Info] [WATCHDOG] Emitting event: change:/home/fabioscalzer/projetos/documentação/documentacao/Tarefas.md
[10:29:43] [Info] [DocumentManager] Processing change for /home/fabioscalzer/projetos/documentação/documentacao/Tarefas.md
[10:29:43] [Info] [DocumentManager] File /home/fabioscalzer/projetos/documentação/documentacao/Tarefas.md saved.
[10:44:49] [Error] [Application] Could not fetch link preview for URL https://sa-east-1.queue.amazonaws.com/754529021164/comercio-reajuste-agregado-temporario.fifo: Response code 404 (Not Found)
[10:44:49] [Error] [Application] Could not fetch link preview for URL https://sa-east-1.queue.amazonaws.com/973580931382/comercio-reajuste-oportunidade-temporario.fifo: Response code 404 (Not Found)
[10:44:49] [Error] [Application] Could not fetch link preview for URL https://sa-east-1.queue.amazonaws.com/754529021164/comercio-promocao-produto-importacao-erro.fifo: Response code 404 (Not Found)
[10:44:49] [Error] [Application] Could not fetch link preview for URL https://sa-east-1.queue.amazonaws.com/973580931382/comercio-reajuste-agregado-aplicacao.fifo: Response code 404 (Not Found)
[10:44:49] [Error] [Application] Could not fetch link preview for URL https://sa-east-1.queue.amazonaws.com/973580931382/comercio-reajuste-agregado-aplicacao-erro.fifo: Response code 404 (Not Found)
[10:44:49] [Error] [Application] Could not fetch link preview for URL https://sa-east-1.queue.amazonaws.com/973580931382/comercio-reajuste-agregado-temporario-erro.fifo: Response code 404 (Not Found)
[10:44:49] [Error] [Application] Could not fetch link preview for URL https://sa-east-1.queue.amazonaws.com/973580931382/comercio-reajuste-oportunidade-aplicacao-erro.fifo: Response code 404 (Not Found)
[10:44:49] [Error] [Application] Could not fetch link preview for URL https://sa-east-1.queue.amazonaws.com/754529021164/comercio-reajuste-agregado-aplicacao-erro.fifo: Response code 404 (Not Found)
[10:44:49] [Error] [Application] Could not fetch link preview for URL https://sa-east-1.queue.amazonaws.com/754529021164/comercio-reajuste-agregado-temporario-erro.fifo: Response code 404 (Not Found)
[10:44:49] [Error] [Application] Could not fetch link preview for URL https://sa-east-1.queue.amazonaws.com/754529021164/comercio-promocao-produto-importacao.fifo: Response code 404 (Not Found)
[10:44:49] [Error] [Application] Could not fetch link preview for URL https://sa-east-1.queue.amazonaws.com/973580931382/comercio-promocao-produto-importacao.fifo: Response code 404 (Not Found)
[10:44:49] [Error] [Application] Could not fetch link preview for URL https://sa-east-1.queue.amazonaws.com/754529021164/comercio-alteracao-preco-temporario.fifo: Response code 404 (Not Found)
[10:44:49] [Error] [Application] Could not fetch link preview for URL https://sa-east-1.queue.amazonaws.com/973580931382/comercio-promocao-produto-importacao-erro.fifo: Response code 404 (Not Found)
[10:44:49] [Error] [Application] Could not fetch link preview for URL https://sa-east-1.queue.amazonaws.com/754529021164/comercio-alteracao-preco-aplicacao-erro.fifo: Response code 404 (Not Found)
[10:44:49] [Error] [Application] Could not fetch link preview for URL https://sa-east-1.queue.amazonaws.com/754529021164/comercio-reajuste-oportunidade-aplicacao-erro.fifo: Response code 404 (Not Found)
[10:44:49] [Error] [Application] Could not fetch link preview for URL https://sa-east-1.queue.amazonaws.com/754529021164/comercio-reajuste-oportunidade-temporario.fifo: Response code 404 (Not Found)
[10:44:49] [Error] [Application] Could not fetch link preview for URL https://sa-east-1.queue.amazonaws.com/754529021164/comercio-reajuste-oportunidade-aplicacao.fifo: Response code 404 (Not Found)
[10:44:49] [Error] [Application] Could not fetch link preview for URL https://sa-east-1.queue.amazonaws.com/754529021164/comercio-reajuste-agregado-aplicacao.fifo: Response code 404 (Not Found)
[10:44:49] [Error] [Application] Could not fetch link preview for URL https://sa-east-1.queue.amazonaws.com/973580931382/comercio-alteracao-preco-aplicacao.fifo: Response code 404 (Not Found)
[10:44:49] [Error] [Application] Could not fetch link preview for URL https://sa-east-1.queue.amazonaws.com/973580931382/comercio-reajuste-oportunidade-temporario-erro.fifo: Response code 404 (Not Found)
[10:44:49] [Error] [Application] Could not fetch link preview for URL https://sa-east-1.queue.amazonaws.com/973580931382/comercio-alteracao-preco-aplicacao-erro.fifo: Response code 404 (Not Found)
[10:44:49] [Error] [Application] Could not fetch link preview for URL https://sa-east-1.queue.amazonaws.com/754529021164/comercio-reajuste-oportunidade-temporario-erro.fifo: Response code 404 (Not Found)
[10:44:49] [Error] [Application] Could not fetch link preview for URL https://sa-east-1.queue.amazonaws.com/754529021164/comercio-alteracao-preco-aplicacao.fifo: Response code 404 (Not Found)
[10:44:49] [Error] [Application] Could not fetch link preview for URL https://sa-east-1.queue.amazonaws.com/973580931382/comercio-reajuste-agregado-temporario.fifo: Response code 404 (Not Found)
[10:44:49] [Error] [Application] Could not fetch link preview for URL https://sa-east-1.queue.amazonaws.com/069216277836/comercio-reajuste-oportunidade-temporario-erro.fifo: Response code 404 (Not Found)
[10:44:49] [Error] [Application] Could not fetch link preview for URL https://sa-east-1.queue.amazonaws.com/973580931382/comercio-alteracao-preco-temporario-erro.fifo: Response code 404 (Not Found)
[10:44:49] [Error] [Application] Could not fetch link preview for URL https://sa-east-1.queue.amazonaws.com/754529021164/comercio-alteracao-preco-temporario-erro.fifo: Response code 404 (Not Found)
[10:44:49] [Error] [Application] Could not fetch link preview for URL https://sa-east-1.queue.amazonaws.com/973580931382/comercio-alteracao-preco-temporario.fifo: Response code 404 (Not Found)
[10:44:49] [Error] [Application] Could not fetch link preview for URL https://sa-east-1.queue.amazonaws.com/973580931382/comercio-reajuste-oportunidade-aplicacao.fifo: Response code 404 (Not Found)
[10:44:49] [Error] [Application] Could not fetch link preview for URL https://sa-east-1.queue.amazonaws.com/069216277836/comercio-reajuste-agregado-temporario.fifo: Response code 404 (Not Found)
[10:44:49] [Error] [Application] Could not fetch link preview for URL https://sa-east-1.queue.amazonaws.com/069216277836/comercio-reajuste-oportunidade-aplicacao.fifo: Response code 404 (Not Found)
[10:44:49] [Error] [Application] Could not fetch link preview for URL https://sa-east-1.queue.amazonaws.com/069216277836/comercio-reajuste-oportunidade-temporario.fifo: Response code 404 (Not Found)
[10:44:49] [Error] [Application] Could not fetch link preview for URL https://sa-east-1.queue.amazonaws.com/069216277836/comercio-reajuste-oportunidade-aplicacao-erro.fifo: Response code 404 (Not Found)
[10:44:49] [Error] [Application] Could not fetch link preview for URL https://sa-east-1.queue.amazonaws.com/069216277836/comercio-reajuste-agregado-temporario-erro.fifo: Response code 404 (Not Found)
[10:44:49] [Error] [Application] Could not fetch link preview for URL https://sa-east-1.queue.amazonaws.com/069216277836/comercio-alteracao-preco-aplicacao.fifo: Response code 404 (Not Found)
[10:44:49] [Error] [Application] Could not fetch link preview for URL https://sa-east-1.queue.amazonaws.com/069216277836/comercio-alteracao-preco-temporario.fifo: Response code 404 (Not Found)
[10:44:49] [Error] [Application] Could not fetch link preview for URL https://sa-east-1.queue.amazonaws.com/069216277836/comercio-alteracao-preco-aplicacao-erro.fifo: Response code 404 (Not Found)
[10:44:49] [Error] [Application] Could not fetch link preview for URL https://sa-east-1.queue.amazonaws.com/069216277836/comercio-alteracao-preco-temporario-erro.fifo: Response code 404 (Not Found)
[10:44:49] [Error] [Application] Could not fetch link preview for URL https://sa-east-1.queue.amazonaws.com/069216277836/comercio-reajuste-agregado-aplicacao.fifo: Response code 404 (Not Found)
[10:44:49] [Error] [Application] Could not fetch link preview for URL https://sa-east-1.queue.amazonaws.com/069216277836/comercio-promocao-produto-importacao-erro.fifo: Response code 404 (Not Found)
[10:44:49] [Error] [Application] Could not fetch link preview for URL https://sa-east-1.queue.amazonaws.com/069216277836/comercio-reajuste-agregado-aplicacao-erro.fifo: Response code 404 (Not Found)
[10:44:49] [Error] [Application] Could not fetch link preview for URL https://sa-east-1.queue.amazonaws.com/069216277836/comercio-promocao-produto-importacao.fifo: Response code 404 (Not Found)
[11:11:30] [Info] [WATCHDOG] Emitting event: change:/home/fabioscalzer/projetos/documentação/documentacao/Tarefas.md
[11:11:30] [Info] [DocumentManager] Processing change for /home/fabioscalzer/projetos/documentação/documentacao/Tarefas.md
[11:11:30] [Info] [DocumentManager] File /home/fabioscalzer/projetos/documentação/documentacao/Tarefas.md saved.
[13:21:00] [Info] [WATCHDOG] Emitting event: change:/home/fabioscalzer/projetos/documentação/documentacao/Tarefas.md
[13:21:00] [Info] [DocumentManager] Processing change for /home/fabioscalzer/projetos/documentação/documentacao/Tarefas.md
[13:21:00] [Info] [DocumentManager] File /home/fabioscalzer/projetos/documentação/documentacao/Tarefas.md saved.
[13:21:02] [Error] [Application] Could not fetch link preview for URL https://sa-east-1.queue.amazonaws.com/973580931382/comercio-promocao-produto-importacao-erro.fifo: Response code 404 (Not Found)
[13:21:02] [Error] [Application] Could not fetch link preview for URL https://sa-east-1.queue.amazonaws.com/069216277836/comercio-reajuste-oportunidade-temporario-erro.fifo: Response code 404 (Not Found)
[13:21:02] [Error] [Application] Could not fetch link preview for URL https://sa-east-1.queue.amazonaws.com/973580931382/comercio-alteracao-preco-temporario-erro.fifo: Response code 404 (Not Found)
[13:21:02] [Error] [Application] Could not fetch link preview for URL https://sa-east-1.queue.amazonaws.com/069216277836/comercio-reajuste-oportunidade-aplicacao.fifo: Response code 404 (Not Found)
[13:21:02] [Error] [Application] Could not fetch link preview for URL https://sa-east-1.queue.amazonaws.com/973580931382/comercio-alteracao-preco-temporario.fifo: Response code 404 (Not Found)
[13:21:02] [Error] [Application] Could not fetch link preview for URL https://sa-east-1.queue.amazonaws.com/069216277836/comercio-reajuste-oportunidade-aplicacao-erro.fifo: Response code 404 (Not Found)
[13:21:02] [Error] [Application] Could not fetch link preview for URL https://sa-east-1.queue.amazonaws.com/973580931382/comercio-promocao-produto-importacao.fifo: Response code 404 (Not Found)
[13:21:02] [Error] [Application] Could not fetch link preview for URL https://sa-east-1.queue.amazonaws.com/973580931382/comercio-alteracao-preco-aplicacao-erro.fifo: Response code 404 (Not Found)
[13:21:02] [Error] [Application] Could not fetch link preview for URL https://sa-east-1.queue.amazonaws.com/069216277836/comercio-reajuste-oportunidade-temporario.fifo: Response code 404 (Not Found)
[13:21:02] [Error] [Application] Could not fetch link preview for URL https://sa-east-1.queue.amazonaws.com/973580931382/comercio-alteracao-preco-aplicacao.fifo: Response code 404 (Not Found)
[13:21:25] [Info] [WATCHDOG] Emitting event: change:/home/fabioscalzer/projetos/documentação/documentacao/Tarefas.md
[13:21:25] [Info] [DocumentManager] Processing change for /home/fabioscalzer/projetos/documentação/documentacao/Tarefas.md
[13:21:25] [Info] [DocumentManager] File /home/fabioscalzer/projetos/documentação/documentacao/Tarefas.md saved.
[13:21:35] [Info] [WATCHDOG] Emitting event: change:/home/fabioscalzer/projetos/documentação/documentacao/Tarefas.md
[13:21:35] [Info] [DocumentManager] Processing change for /home/fabioscalzer/projetos/documentação/documentacao/Tarefas.md
[13:21:35] [Info] [DocumentManager] File /home/fabioscalzer/projetos/documentação/documentacao/Tarefas.md saved.
[13:22:29] [Info] [WATCHDOG] Emitting event: change:/home/fabioscalzer/projetos/documentação/documentacao/Tarefas.md
[13:22:29] [Info] [DocumentManager] Processing change for /home/fabioscalzer/projetos/documentação/documentacao/Tarefas.md
[13:22:29] [Info] [DocumentManager] File /home/fabioscalzer/projetos/documentação/documentacao/Tarefas.md saved.
[13:30:15] [Error] [Application] Could not fetch link preview for URL https://autoglass.comercio.mip.integracao.solicitacao-reajuste-preco: getaddrinfo ENOTFOUND autoglass.comercio.mip.integracao.solicitacao-reajuste-preco
[13:30:18] [Error] [Application] Could not fetch link preview for URL https://autoglass.comercio.mip.integracao.reajuste-preco: getaddrinfo ENOTFOUND autoglass.comercio.mip.integracao.reajuste-preco
[13:30:18] [Error] [Application] Could not fetch link preview for URL https://autoglass.comercio.mip.integracao.reajuste-preco: getaddrinfo ENOTFOUND autoglass.comercio.mip.integracao.reajuste-preco
[13:30:18] [Error] [Application] Could not fetch link preview for URL https://autoglass.comercio.mip.integracao.reajuste-preco: getaddrinfo ENOTFOUND autoglass.comercio.mip.integracao.reajuste-preco
[13:30:18] [Error] [Application] Could not fetch link preview for URL https://autoglass.comercio.mip.integracao.solicitacao-reajuste-preco: getaddrinfo ENOTFOUND autoglass.comercio.mip.integracao.solicitacao-reajuste-preco
[13:30:18] [Error] [Application] Could not fetch link preview for URL https://autoglass.comercio.mip.integracao.solicitacao-reajuste-preco: getaddrinfo ENOTFOUND autoglass.comercio.mip.integracao.solicitacao-reajuste-preco
[13:30:18] [Error] [Application] Could not fetch link preview for URL https://autoglass.comercio.mip.integracao.reajuste-preco: getaddrinfo ENOTFOUND autoglass.comercio.mip.integracao.reajuste-preco
[13:30:18] [Error] [Application] Could not fetch link preview for URL https://autoglass.comercio.mip.integracao.solicitacao-reajuste-preco: getaddrinfo ENOTFOUND autoglass.comercio.mip.integracao.solicitacao-reajuste-preco
[13:30:18] [Error] [Application] Could not fetch link preview for URL https://autoglass.comercio.mip.integracao.reajuste-preco: getaddrinfo ENOTFOUND autoglass.comercio.mip.integracao.reajuste-preco
[13:30:18] [Error] [Application] Could not fetch link preview for URL https://autoglass.comercio.mip.integracao.reajuste-preco: getaddrinfo ENOTFOUND autoglass.comercio.mip.integracao.reajuste-preco
[13:30:18] [Error] [Application] Could not fetch link preview for URL https://autoglass.comercio.mip.integracao.solicitacao-reajuste-preco: getaddrinfo ENOTFOUND autoglass.comercio.mip.integracao.solicitacao-reajuste-preco
[13:30:19] [Error] [Application] Could not fetch link preview for URL https://autoglass.comercio.mip.integracao.solicitacao-reajuste-preco: getaddrinfo ENOTFOUND autoglass.comercio.mip.integracao.solicitacao-reajuste-preco
[13:30:20] [Info] [WATCHDOG] Emitting event: change:/home/fabioscalzer/projetos/documentação/documentacao/comercio/coletaInteligente/coletaInteligente.md
[13:30:20] [Info] [DocumentManager] Processing change for /home/fabioscalzer/projetos/documentação/documentacao/comercio/coletaInteligente/coletaInteligente.md
[13:30:20] [Info] [DocumentManager] File /home/fabioscalzer/projetos/documentação/documentacao/comercio/coletaInteligente/coletaInteligente.md saved.
[13:30:27] [Info] [WATCHDOG] Ignore event: add:/home/fabioscalzer/projetos/documentação/documentacao/comercio/coletaInteligente/Copy of coletaInteligente.md
[13:30:27] [Error] [Application] Error received while running command: Cannot read properties of undefined (reading 'findLeaf') | Native Error: TypeError; Cannot read properties of undefined (reading 'findLeaf') Stack Trace: TypeError: Cannot read properties of undefined (reading 'findLeaf') -->     at v.openFile (/usr/lib/zettlr/resources/app.asar/.webpack/main/index.js:2:1987110) -->     at d.run (/usr/lib/zettlr/resources/app.asar/.webpack/main/index.js:2:1915491) -->     at async W.run (/usr/lib/zettlr/resources/app.asar/.webpack/main/index.js:2:1931563) -->     at async /usr/lib/zettlr/resources/app.asar/.webpack/main/index.js:2:1930239 -->     at async WebContents.<anonymous> (node:electron/js2c/browser_init:2:88876)
[13:30:27] [Info] [WATCHDOG] Emitting event (.ztr-directory): change:/home/fabioscalzer/projetos/documentação/documentacao/comercio/coletaInteligente
[13:30:27] [Info] [WATCHDOG] Emitting event (.ztr-directory): change:/home/fabioscalzer/projetos/documentação/documentacao/comercio/coletaInteligente
[13:30:31] [Error] [Application] Could not fetch link preview for URL https://pkc-4v5zz.sa-east-1.aws.confluent.cloud:9092: socket hang up
[13:30:31] [Error] [Application] Could not fetch link preview for URL https://pkc-4v5zz.sa-east-1.aws.confluent.cloud:9092: socket hang up
[13:30:31] [Error] [Application] Could not fetch link preview for URL https://pkc-4v5zz.sa-east-1.aws.confluent.cloud:9092: socket hang up
[13:30:31] [Error] [Application] Could not fetch link preview for URL https://pkc-4v5zz.sa-east-1.aws.confluent.cloud:9092: socket hang up
[13:30:32] [Error] [Application] Could not fetch link preview for URL https://pkc-4v5zz.sa-east-1.aws.confluent.cloud:9092: socket hang up
[13:30:33] [Error] [Application] Could not fetch link preview for URL https://pkc-n00kk.us-east-1.aws.confluent.cloud:9092: socket hang up
[13:30:39] [Info] [WATCHDOG] Emitting event: change:/home/fabioscalzer/projetos/documentação/documentacao/comercio/coletaInteligente/Copy of coletaInteligente.md
[13:30:39] [Info] [DocumentManager] Processing change for /home/fabioscalzer/projetos/documentação/documentacao/comercio/coletaInteligente/Copy of coletaInteligente.md
[13:30:39] [Info] [DocumentManager] File /home/fabioscalzer/projetos/documentação/documentacao/comercio/coletaInteligente/Copy of coletaInteligente.md saved.
[13:30:42] [Info] [WATCHDOG] Emitting event: change:/home/fabioscalzer/projetos/documentação/documentacao/comercio/coletaInteligente/coletaInteligente.md
[13:30:42] [Info] [DocumentManager] Processing change for /home/fabioscalzer/projetos/documentação/documentacao/comercio/coletaInteligente/coletaInteligente.md
[13:30:42] [Info] [DocumentManager] File /home/fabioscalzer/projetos/documentação/documentacao/comercio/coletaInteligente/coletaInteligente.md saved.
[13:31:20] [Info] [WATCHDOG] Ignore event: add:/home/fabioscalzer/projetos/documentação/documentacao/comercio/coletaInteligente/templateDap.md
[13:31:20] [Info] [WATCHDOG] Ignore event: unlink:/home/fabioscalzer/projetos/documentação/documentacao/comercio/coletaInteligente/Copy of coletaInteligente.md
[13:31:20] [Info] [DocumentManager] Processing unlink for /home/fabioscalzer/projetos/documentação/documentacao/comercio/coletaInteligente/Copy of coletaInteligente.md
[13:31:34] [Info] [WATCHDOG] Emitting event: change:/home/fabioscalzer/projetos/documentação/documentacao/comercio/coletaInteligente/templateDap.md
[13:31:34] [Info] [DocumentManager] Processing change for /home/fabioscalzer/projetos/documentação/documentacao/comercio/coletaInteligente/templateDap.md
[13:31:34] [Info] [DocumentManager] File /home/fabioscalzer/projetos/documentação/documentacao/comercio/coletaInteligente/templateDap.md saved.
[13:31:39] [Info] [WATCHDOG] Emitting event: change:/home/fabioscalzer/projetos/documentação/documentacao/comercio/coletaInteligente/templateDap.md
[13:31:39] [Info] [DocumentManager] Processing change for /home/fabioscalzer/projetos/documentação/documentacao/comercio/coletaInteligente/templateDap.md
[13:31:39] [Info] [DocumentManager] File /home/fabioscalzer/projetos/documentação/documentacao/comercio/coletaInteligente/templateDap.md saved.
[13:32:00] [Info] [WATCHDOG] Ignore event: add:/home/fabioscalzer/projetos/documentação/documentacao/comercio/coletaInteligente/templateDap.tex
[13:32:00] [Info] [WATCHDOG] Ignore event: unlink:/home/fabioscalzer/projetos/documentação/documentacao/comercio/coletaInteligente/templateDap.md
[13:32:00] [Info] [DocumentManager] Processing unlink for /home/fabioscalzer/projetos/documentação/documentacao/comercio/coletaInteligente/templateDap.md
[13:32:37] [Info] [WATCHDOG] Emitting event: change:/home/fabioscalzer/projetos/documentação/documentacao/comercio/coletaInteligente/templateDap.tex
[13:32:37] [Info] [DocumentManager] Processing change for /home/fabioscalzer/projetos/documentação/documentacao/comercio/coletaInteligente/templateDap.tex
[13:32:37] [Info] [DocumentManager] File /home/fabioscalzer/projetos/documentação/documentacao/comercio/coletaInteligente/templateDap.tex saved.
[13:32:59] [Info] [WATCHDOG] Emitting event: change:/home/fabioscalzer/projetos/documentação/documentacao/comercio/coletaInteligente/templateDap.tex
[13:32:59] [Info] [DocumentManager] Processing change for /home/fabioscalzer/projetos/documentação/documentacao/comercio/coletaInteligente/templateDap.tex
[13:33:00] [Info] [DocumentManager] File /home/fabioscalzer/projetos/documentação/documentacao/comercio/coletaInteligente/templateDap.tex saved.
[13:33:36] [Info] [WATCHDOG] Emitting event: change:/home/fabioscalzer/projetos/documentação/documentacao/comercio/coletaInteligente/templateDap.tex
[13:33:36] [Info] [DocumentManager] Processing change for /home/fabioscalzer/projetos/documentação/documentacao/comercio/coletaInteligente/templateDap.tex
[13:33:36] [Info] [DocumentManager] File /home/fabioscalzer/projetos/documentação/documentacao/comercio/coletaInteligente/templateDap.tex saved.
[13:33:47] [Info] [WATCHDOG] Emitting event: change:/home/fabioscalzer/projetos/documentação/documentacao/comercio/coletaInteligente/templateDap.tex
[13:33:47] [Info] [DocumentManager] Processing change for /home/fabioscalzer/projetos/documentação/documentacao/comercio/coletaInteligente/templateDap.tex
[13:33:47] [Info] [DocumentManager] File /home/fabioscalzer/projetos/documentação/documentacao/comercio/coletaInteligente/templateDap.tex saved.
[13:34:55] [Info] [WATCHDOG] Emitting event: change:/home/fabioscalzer/projetos/documentação/documentacao/comercio/coletaInteligente/templateDap.tex
[13:34:55] [Info] [DocumentManager] Processing change for /home/fabioscalzer/projetos/documentação/documentacao/comercio/coletaInteligente/templateDap.tex
[13:34:55] [Info] [DocumentManager] File /home/fabioscalzer/projetos/documentação/documentacao/comercio/coletaInteligente/templateDap.tex saved.
[13:35:31] [Info] [WATCHDOG] Emitting event: change:/home/fabioscalzer/projetos/documentação/documentacao/comercio/coletaInteligente/templateDap.tex
[13:35:31] [Info] [DocumentManager] Processing change for /home/fabioscalzer/projetos/documentação/documentacao/comercio/coletaInteligente/templateDap.tex
[13:35:31] [Info] [DocumentManager] File /home/fabioscalzer/projetos/documentação/documentacao/comercio/coletaInteligente/templateDap.tex saved.
[13:35:45] [Info] [WATCHDOG] Emitting event: change:/home/fabioscalzer/projetos/documentação/documentacao/comercio/coletaInteligente/templateDap.tex
[13:35:45] [Info] [DocumentManager] Processing change for /home/fabioscalzer/projetos/documentação/documentacao/comercio/coletaInteligente/templateDap.tex
[13:35:45] [Info] [DocumentManager] File /home/fabioscalzer/projetos/documentação/documentacao/comercio/coletaInteligente/templateDap.tex saved.
[13:35:45] [Info] [WATCHDOG] Emitting event: change:/home/fabioscalzer/projetos/documentação/documentacao/comercio/coletaInteligente/templateDap.tex
[13:35:45] [Info] [DocumentManager] Processing change for /home/fabioscalzer/projetos/documentação/documentacao/comercio/coletaInteligente/templateDap.tex
[13:35:45] [Info] [DocumentManager] File /home/fabioscalzer/projetos/documentação/documentacao/comercio/coletaInteligente/templateDap.tex saved.
[13:35:56] [Info] [DocumentManager] Processing change for /home/fabioscalzer/projetos/documentação/documentacao/comercio/coletaInteligente/templateDap.tex
[13:35:56] [Info] [WATCHDOG] Emitting event: change:/home/fabioscalzer/projetos/documentação/documentacao/comercio/coletaInteligente/templateDap.tex
[13:35:56] [Info] [DocumentManager] File /home/fabioscalzer/projetos/documentação/documentacao/comercio/coletaInteligente/templateDap.tex saved.
[13:36:15] [Info] [WATCHDOG] Emitting event: change:/home/fabioscalzer/projetos/documentação/documentacao/comercio/coletaInteligente/templateDap.tex
[13:36:15] [Info] [DocumentManager] Processing change for /home/fabioscalzer/projetos/documentação/documentacao/comercio/coletaInteligente/templateDap.tex
[13:36:15] [Info] [DocumentManager] File /home/fabioscalzer/projetos/documentação/documentacao/comercio/coletaInteligente/templateDap.tex saved.
[13:36:53] [Error] [Application] Could not fetch link preview for URL https://mip-dev.cluster-cu62elblagyw.sa-east-1.rds.amazonaws.com: connect ETIMEDOUT 172.24.137.181:443
[13:36:53] [Error] [Application] Could not fetch link preview for URL https://mip-dev.cluster-cu62elblagyw.sa-east-1.rds.amazonaws.com: connect ETIMEDOUT 172.24.137.181:443
[13:36:54] [Info] [WATCHDOG] Emitting event: change:/home/fabioscalzer/projetos/documentação/documentacao/comercio/coletaInteligente/templateDap.tex
[13:36:54] [Info] [DocumentManager] Processing change for /home/fabioscalzer/projetos/documentação/documentacao/comercio/coletaInteligente/templateDap.tex
[13:36:54] [Info] [DocumentManager] File /home/fabioscalzer/projetos/documentação/documentacao/comercio/coletaInteligente/templateDap.tex saved.
[13:37:14] [Info] [WATCHDOG] Emitting event: change:/home/fabioscalzer/projetos/documentação/documentacao/comercio/coletaInteligente/templateDap.tex
[13:37:14] [Info] [DocumentManager] Processing change for /home/fabioscalzer/projetos/documentação/documentacao/comercio/coletaInteligente/templateDap.tex
[13:37:14] [Info] [DocumentManager] File /home/fabioscalzer/projetos/documentação/documentacao/comercio/coletaInteligente/templateDap.tex saved.
[13:37:19] [Info] [WATCHDOG] Emitting event: change:/home/fabioscalzer/projetos/documentação/documentacao/comercio/coletaInteligente/templateDap.tex
[13:37:19] [Info] [DocumentManager] Processing change for /home/fabioscalzer/projetos/documentação/documentacao/comercio/coletaInteligente/templateDap.tex
[13:37:19] [Info] [DocumentManager] File /home/fabioscalzer/projetos/documentação/documentacao/comercio/coletaInteligente/templateDap.tex saved.
[13:37:58] [Info] [WATCHDOG] Emitting event: change:/home/fabioscalzer/projetos/documentação/documentacao/comercio/coletaInteligente/templateDap.tex
[13:37:58] [Info] [DocumentManager] Processing change for /home/fabioscalzer/projetos/documentação/documentacao/comercio/coletaInteligente/templateDap.tex
[13:37:58] [Info] [DocumentManager] File /home/fabioscalzer/projetos/documentação/documentacao/comercio/coletaInteligente/templateDap.tex saved.
[13:38:24] [Info] Did not create new file since the dialog was aborted.
[13:39:13] [Info] [WATCHDOG] Emitting event: change:/home/fabioscalzer/projetos/documentação/documentacao/comercio/coletaInteligente/templateDap.tex
[13:39:13] [Info] [DocumentManager] File /home/fabioscalzer/projetos/documentação/documentacao/comercio/coletaInteligente/templateDap.tex saved.
[13:39:16] [Info] Removed file templateDap.tex.
[13:39:16] [Info] [WATCHDOG] Ignore event: unlink:/home/fabioscalzer/projetos/documentação/documentacao/comercio/coletaInteligente/templateDap.tex
[13:43:28] [Info] [WATCHDOG] Emitting event: change:/home/fabioscalzer/projetos/documentação/documentacao/Tarefas.md
[13:43:28] [Info] [DocumentManager] Processing change for /home/fabioscalzer/projetos/documentação/documentacao/Tarefas.md
[13:43:28] [Info] [DocumentManager] File /home/fabioscalzer/projetos/documentação/documentacao/Tarefas.md saved.
[13:44:11] [Error] [R] [Main Window (619fcd54-5f5e-48cf-b84a-d1e74893f878)] ResizeObserver loop limit exceeded (index.html?window_id=619fcd54-5f5e-48cf-b84a-d1e74893f878:0)
[13:44:28] [Info] [WATCHDOG] Emitting event: change:/home/fabioscalzer/projetos/documentação/documentacao/Tarefas.md
[13:44:28] [Info] [DocumentManager] Processing change for /home/fabioscalzer/projetos/documentação/documentacao/Tarefas.md
[13:44:28] [Info] [DocumentManager] File /home/fabioscalzer/projetos/documentação/documentacao/Tarefas.md saved.
[13:50:07] [Info] [WATCHDOG] Emitting event: change:/home/fabioscalzer/projetos/documentação/documentacao/Tarefas.md
[13:50:07] [Info] [DocumentManager] Processing change for /home/fabioscalzer/projetos/documentação/documentacao/Tarefas.md
[13:50:07] [Info] [DocumentManager] File /home/fabioscalzer/projetos/documentação/documentacao/Tarefas.md saved.
[13:53:04] [Info] [WATCHDOG] Emitting event: addDir:/home/fabioscalzer/projetos/documentação/documentacao/node_modules
[13:53:04] [Info] [WATCHDOG] Emitting event: addDir:/home/fabioscalzer/projetos/documentação/documentacao/node_modules/dictionary-pt
[13:53:06] [Info] [WATCHDOG] Emitting event: add:/home/fabioscalzer/projetos/documentação/documentacao/node_modules/dictionary-pt/index.aff
[13:53:06] [Info] [WATCHDOG] Emitting event: add:/home/fabioscalzer/projetos/documentação/documentacao/node_modules/dictionary-pt/license
[13:53:06] [Info] [WATCHDOG] Emitting event: change:/home/fabioscalzer/projetos/documentação/documentacao/node_modules/dictionary-pt/index.aff
[13:53:06] [Info] [WATCHDOG] Emitting event: change:/home/fabioscalzer/projetos/documentação/documentacao/node_modules/dictionary-pt/index.aff
[13:53:06] [Info] [WATCHDOG] Emitting event: add:/home/fabioscalzer/projetos/documentação/documentacao/node_modules/dictionary-pt/index.dic
[13:53:06] [Info] [WATCHDOG] Emitting event: change:/home/fabioscalzer/projetos/documentação/documentacao/node_modules/dictionary-pt/index.dic
[13:53:06] [Info] [WATCHDOG] Emitting event: change:/home/fabioscalzer/projetos/documentação/documentacao/node_modules/dictionary-pt/index.dic
[13:53:06] [Info] [WATCHDOG] Emitting event: change:/home/fabioscalzer/projetos/documentação/documentacao/node_modules/dictionary-pt/index.dic
[13:53:06] [Info] [WATCHDOG] Emitting event: change:/home/fabioscalzer/projetos/documentação/documentacao/node_modules/dictionary-pt/index.dic
[13:53:06] [Info] [WATCHDOG] Emitting event: add:/home/fabioscalzer/projetos/documentação/documentacao/node_modules/dictionary-pt/index.js
[13:53:06] [Info] [WATCHDOG] Emitting event: add:/home/fabioscalzer/projetos/documentação/documentacao/node_modules/dictionary-pt/package.json
[13:53:06] [Info] [WATCHDOG] Emitting event: add:/home/fabioscalzer/projetos/documentação/documentacao/node_modules/dictionary-pt/readme.md
[13:53:06] [Info] [WATCHDOG] Emitting event: add:/home/fabioscalzer/projetos/documentação/documentacao/node_modules/dictionary-pt/index.d.ts
[13:53:06] [Info] [WATCHDOG] Emitting event: add:/home/fabioscalzer/projetos/documentação/documentacao/package.json
[13:53:06] [Info] [WATCHDOG] Emitting event: add:/home/fabioscalzer/projetos/documentação/documentacao/package-lock.json
[13:54:07] [Error] [Menu Provider] Could not open dictionary directory: A required tool could not be found
[13:54:11] [Error] [Menu Provider] Could not open dictionary directory: A required tool could not be found
[13:54:24] [Error] [Menu Provider] Could not open dictionary directory: A required tool could not be found
[13:54:32] [Info] [Application] A second instance has been opened.
[13:54:45] [Error] [Menu Provider] Could not open dictionary directory: A required tool could not be found
[13:56:45] [Error] [Application] Could not fetch link preview for URL https://github.com/wooorm/dictionaries/blob/main/dictionaries/pt/license: unable to get local issuer certificate
[13:56:45] [Error] [Application] Could not fetch link preview for URL https://github.com/nathanjsweet/nodehun: unable to get local issuer certificate
[13:56:45] [Error] [Application] Could not fetch link preview for URL https://github.com/wooorm/nspell: unable to get local issuer certificate
[13:56:45] [Error] [Application] Could not fetch link preview for URL https://github.com/LibreOffice/dictionaries: unable to get local issuer certificate
[13:56:45] [Error] [Application] Could not fetch link preview for URL https://github.com/wooorm/dictionaries#example-use-with-macos: unable to get local issuer certificate
[13:56:45] [Error] [Application] Could not fetch link preview for URL https://hunspell.github.io: unable to get local issuer certificate
[13:56:45] [Error] [Application] Could not fetch link preview for URL https://github.com/wooorm/dictionaries: unable to get local issuer certificate
[13:56:47] [Error] [Application] Could not fetch link preview for URL https://github.com/wooorm/dictionaries/blob/main/license: unable to get local issuer certificate
[13:56:47] [Error] [Application] Could not fetch link preview for URL https://wooorm.com: unable to get local issuer certificate
[13:56:47] [Error] [Application] Could not fetch link preview for URL https://docs.npmjs.com/cli/install: Could not fetch preview for URL https://docs.npmjs.com/cli/install: No title field found.
[13:56:47] [Error] [Application] Error running LanguageTool: unable to get local issuer certificate | Native Error: RequestError; unable to get local issuer certificate Stack Trace: RequestError: unable to get local issuer certificate -->     at ClientRequest.<anonymous> (/usr/lib/zettlr/resources/app.asar/.webpack/main/index.js:2:835421) -->     at Object.onceWrapper (node:events:628:26) -->     at ClientRequest.emit (node:events:525:35) -->     at e.emit (/usr/lib/zettlr/resources/app.asar/.webpack/main/index.js:2:11466) -->     at TLSSocket.socketErrorListener (node:_http_client:502:9) -->     at TLSSocket.emit (node:events:513:28) -->     at emitErrorNT (node:internal/streams/destroy:151:8) -->     at emitErrorCloseNT (node:internal/streams/destroy:116:3) -->     at process.processTicksAndRejections (node:internal/process/task_queues:82:21) -->     at TLSSocket.onConnectSecure (node:_tls_wrap:1540:34) -->     at TLSSocket.emit (node:events:513:28) -->     at TLSSocket._finishInit (node:_tls_wrap:959:8) -->     at ssl.onhandshakedone (node:_tls_wrap:743:12)
[13:56:50] [Error] [Application] Could not fetch link preview for URL https://www.typescriptlang.org: unable to get local issuer certificate
[13:57:09] [Error] [Menu Provider] Could not open dictionary directory: A required tool could not be found
[13:58:30] [Info] [WATCHDOG] Ignore event: addDir:/home/fabioscalzer/projetos/documentação/documentacao/dict
[13:58:56] [Info] [WATCHDOG] Emitting event: addDir:/home/fabioscalzer/projetos/documentação/documentacao/dict/dictionary-pt
[13:58:56] [Info] [WATCHDOG] Emitting event: add:/home/fabioscalzer/projetos/documentação/documentacao/dict/dictionary-pt/index.dic
[13:58:56] [Info] [WATCHDOG] Emitting event: change:/home/fabioscalzer/projetos/documentação/documentacao/dict/dictionary-pt/index.dic
[13:58:56] [Info] [WATCHDOG] Emitting event: add:/home/fabioscalzer/projetos/documentação/documentacao/dict/dictionary-pt/license
[13:58:56] [Info] [WATCHDOG] Emitting event: change:/home/fabioscalzer/projetos/documentação/documentacao/dict/dictionary-pt/license
[13:58:56] [Info] [WATCHDOG] Emitting event: add:/home/fabioscalzer/projetos/documentação/documentacao/dict/dictionary-pt/package.json
[13:58:56] [Info] [WATCHDOG] Emitting event: change:/home/fabioscalzer/projetos/documentação/documentacao/dict/dictionary-pt/package.json
[13:58:56] [Info] [WATCHDOG] Emitting event: add:/home/fabioscalzer/projetos/documentação/documentacao/dict/dictionary-pt/index.js
[13:58:56] [Info] [WATCHDOG] Emitting event: change:/home/fabioscalzer/projetos/documentação/documentacao/dict/dictionary-pt/index.js
[13:58:56] [Info] [WATCHDOG] Emitting event: add:/home/fabioscalzer/projetos/documentação/documentacao/dict/dictionary-pt/index.d.ts
[13:58:56] [Info] [WATCHDOG] Emitting event: change:/home/fabioscalzer/projetos/documentação/documentacao/dict/dictionary-pt/index.d.ts
[13:58:56] [Info] [WATCHDOG] Emitting event: add:/home/fabioscalzer/projetos/documentação/documentacao/dict/dictionary-pt/readme.md
[13:58:56] [Info] [WATCHDOG] Emitting event: change:/home/fabioscalzer/projetos/documentação/documentacao/dict/dictionary-pt/readme.md
[13:58:56] [Info] [WATCHDOG] Emitting event: add:/home/fabioscalzer/projetos/documentação/documentacao/dict/dictionary-pt/index.aff
[13:58:56] [Info] [WATCHDOG] Emitting event: change:/home/fabioscalzer/projetos/documentação/documentacao/dict/dictionary-pt/index.aff
[13:59:04] [Error] [Menu Provider] Could not open dictionary directory: A required tool could not be found
[13:59:08] [Error] [Menu Provider] Could not open dictionary directory: A required tool could not be found
[13:59:10] [Error] [Application] Error running LanguageTool: unable to get local issuer certificate | Native Error: RequestError; unable to get local issuer certificate Stack Trace: RequestError: unable to get local issuer certificate -->     at ClientRequest.<anonymous> (/usr/lib/zettlr/resources/app.asar/.webpack/main/index.js:2:835421) -->     at Object.onceWrapper (node:events:628:26) -->     at ClientRequest.emit (node:events:525:35) -->     at e.emit (/usr/lib/zettlr/resources/app.asar/.webpack/main/index.js:2:11466) -->     at TLSSocket.socketErrorListener (node:_http_client:502:9) -->     at TLSSocket.emit (node:events:513:28) -->     at emitErrorNT (node:internal/streams/destroy:151:8) -->     at emitErrorCloseNT (node:internal/streams/destroy:116:3) -->     at process.processTicksAndRejections (node:internal/process/task_queues:82:21) -->     at TLSSocket.onConnectSecure (node:_tls_wrap:1540:34) -->     at TLSSocket.emit (node:events:513:28) -->     at TLSSocket._finishInit (node:_tls_wrap:959:8) -->     at ssl.onhandshakedone (node:_tls_wrap:743:12)
[13:59:13] [Info] [WATCHDOG] Emitting event: change:/home/fabioscalzer/projetos/documentação/documentacao/Tarefas.md
[13:59:13] [Info] [DocumentManager] Processing change for /home/fabioscalzer/projetos/documentação/documentacao/Tarefas.md
[13:59:13] [Info] [DocumentManager] File /home/fabioscalzer/projetos/documentação/documentacao/Tarefas.md saved.
[13:59:43] [Error] [Application] Error running LanguageTool: unable to get local issuer certificate | Native Error: RequestError; unable to get local issuer certificate Stack Trace: RequestError: unable to get local issuer certificate -->     at ClientRequest.<anonymous> (/usr/lib/zettlr/resources/app.asar/.webpack/main/index.js:2:835421) -->     at Object.onceWrapper (node:events:628:26) -->     at ClientRequest.emit (node:events:525:35) -->     at e.emit (/usr/lib/zettlr/resources/app.asar/.webpack/main/index.js:2:11466) -->     at TLSSocket.socketErrorListener (node:_http_client:502:9) -->     at TLSSocket.emit (node:events:513:28) -->     at emitErrorNT (node:internal/streams/destroy:151:8) -->     at emitErrorCloseNT (node:internal/streams/destroy:116:3) -->     at process.processTicksAndRejections (node:internal/process/task_queues:82:21) -->     at TLSSocket.onConnectSecure (node:_tls_wrap:1540:34) -->     at TLSSocket.emit (node:events:513:28) -->     at TLSSocket._finishInit (node:_tls_wrap:959:8) -->     at ssl.onhandshakedone (node:_tls_wrap:743:12)
[13:59:44] [Info] [WATCHDOG] Emitting event: change:/home/fabioscalzer/projetos/documentação/documentacao/Tarefas.md
[13:59:44] [Info] [DocumentManager] Processing change for /home/fabioscalzer/projetos/documentação/documentacao/Tarefas.md
[13:59:44] [Info] [DocumentManager] File /home/fabioscalzer/projetos/documentação/documentacao/Tarefas.md saved.
[13:59:56] [Error] [Menu Provider] Could not open dictionary directory: A required tool could not be found
[14:23:18] [Error] [Application] Error running LanguageTool: unable to get local issuer certificate | Native Error: RequestError; unable to get local issuer certificate Stack Trace: RequestError: unable to get local issuer certificate -->     at ClientRequest.<anonymous> (/usr/lib/zettlr/resources/app.asar/.webpack/main/index.js:2:835421) -->     at Object.onceWrapper (node:events:628:26) -->     at ClientRequest.emit (node:events:525:35) -->     at e.emit (/usr/lib/zettlr/resources/app.asar/.webpack/main/index.js:2:11466) -->     at TLSSocket.socketErrorListener (node:_http_client:502:9) -->     at TLSSocket.emit (node:events:513:28) -->     at emitErrorNT (node:internal/streams/destroy:151:8) -->     at emitErrorCloseNT (node:internal/streams/destroy:116:3) -->     at process.processTicksAndRejections (node:internal/process/task_queues:82:21) -->     at TLSSocket.onConnectSecure (node:_tls_wrap:1540:34) -->     at TLSSocket.emit (node:events:513:28) -->     at TLSSocket._finishInit (node:_tls_wrap:959:8) -->     at ssl.onhandshakedone (node:_tls_wrap:743:12)
[14:23:20] [Error] [Application] Could not fetch link preview for URL https://autoglass.comercio.mip.integracao.reajuste-preco: getaddrinfo ENOTFOUND autoglass.comercio.mip.integracao.reajuste-preco
[14:23:20] [Error] [Application] Could not fetch link preview for URL https://autoglass.comercio.mip.integracao.solicitacao-reajuste-preco: getaddrinfo ENOTFOUND autoglass.comercio.mip.integracao.solicitacao-reajuste-preco
[14:23:20] [Error] [Application] Could not fetch link preview for URL https://autoglass.comercio.mip.integracao.solicitacao-reajuste-preco: getaddrinfo ENOTFOUND autoglass.comercio.mip.integracao.solicitacao-reajuste-preco
[14:23:20] [Error] [Application] Could not fetch link preview for URL https://autoglass.comercio.mip.integracao.solicitacao-reajuste-preco: getaddrinfo ENOTFOUND autoglass.comercio.mip.integracao.solicitacao-reajuste-preco
[14:23:20] [Error] [Application] Could not fetch link preview for URL https://autoglass.comercio.mip.integracao.reajuste-preco: getaddrinfo ENOTFOUND autoglass.comercio.mip.integracao.reajuste-preco
[14:23:20] [Error] [Application] Could not fetch link preview for URL https://autoglass.comercio.mip.integracao.reajuste-preco: getaddrinfo ENOTFOUND autoglass.comercio.mip.integracao.reajuste-preco
[14:23:20] [Error] [Application] Could not fetch link preview for URL https://autoglass.comercio.mip.integracao.solicitacao-reajuste-preco: getaddrinfo ENOTFOUND autoglass.comercio.mip.integracao.solicitacao-reajuste-preco
[14:23:20] [Error] [Application] Could not fetch link preview for URL https://autoglass.comercio.mip.integracao.solicitacao-reajuste-preco: getaddrinfo ENOTFOUND autoglass.comercio.mip.integracao.solicitacao-reajuste-preco
[14:23:20] [Error] [Application] Could not fetch link preview for URL https://autoglass.comercio.mip.integracao.reajuste-preco: getaddrinfo ENOTFOUND autoglass.comercio.mip.integracao.reajuste-preco
[14:23:23] [Error] [Application] Could not fetch link preview for URL https://autoglass.comercio.mip.integracao.reajuste-preco: getaddrinfo ENOTFOUND autoglass.comercio.mip.integracao.reajuste-preco
[14:23:31] [Error] [Application] Error running LanguageTool: unable to get local issuer certificate | Native Error: RequestError; unable to get local issuer certificate Stack Trace: RequestError: unable to get local issuer certificate -->     at ClientRequest.<anonymous> (/usr/lib/zettlr/resources/app.asar/.webpack/main/index.js:2:835421) -->     at Object.onceWrapper (node:events:628:26) -->     at ClientRequest.emit (node:events:525:35) -->     at e.emit (/usr/lib/zettlr/resources/app.asar/.webpack/main/index.js:2:11466) -->     at TLSSocket.socketErrorListener (node:_http_client:502:9) -->     at TLSSocket.emit (node:events:513:28) -->     at emitErrorNT (node:internal/streams/destroy:151:8) -->     at emitErrorCloseNT (node:internal/streams/destroy:116:3) -->     at process.processTicksAndRejections (node:internal/process/task_queues:82:21) -->     at TLSSocket.onConnectSecure (node:_tls_wrap:1540:34) -->     at TLSSocket.emit (node:events:513:28) -->     at TLSSocket._finishInit (node:_tls_wrap:959:8) -->     at ssl.onhandshakedone (node:_tls_wrap:743:12)
[14:23:33] [Error] [Application] Error running LanguageTool: unable to get local issuer certificate | Native Error: RequestError; unable to get local issuer certificate Stack Trace: RequestError: unable to get local issuer certificate -->     at ClientRequest.<anonymous> (/usr/lib/zettlr/resources/app.asar/.webpack/main/index.js:2:835421) -->     at Object.onceWrapper (node:events:628:26) -->     at ClientRequest.emit (node:events:525:35) -->     at e.emit (/usr/lib/zettlr/resources/app.asar/.webpack/main/index.js:2:11466) -->     at TLSSocket.socketErrorListener (node:_http_client:502:9) -->     at TLSSocket.emit (node:events:513:28) -->     at emitErrorNT (node:internal/streams/destroy:151:8) -->     at emitErrorCloseNT (node:internal/streams/destroy:116:3) -->     at process.processTicksAndRejections (node:internal/process/task_queues:82:21) -->     at TLSSocket.onConnectSecure (node:_tls_wrap:1540:34) -->     at TLSSocket.emit (node:events:513:28) -->     at TLSSocket._finishInit (node:_tls_wrap:959:8) -->     at ssl.onhandshakedone (node:_tls_wrap:743:12)
[14:23:36] [Info] [WATCHDOG] Emitting event: change:/home/fabioscalzer/projetos/documentação/documentacao/comercio/pricing/mip.md
[14:23:36] [Info] [DocumentManager] File /home/fabioscalzer/projetos/documentação/documentacao/comercio/pricing/mip.md saved.
[14:23:38] [Error] [Application] Could not fetch link preview for URL https://pkc-4v5zz.sa-east-1.aws.confluent.cloud:9092: socket hang up
[14:23:38] [Error] [Application] Could not fetch link preview for URL https://pkc-4v5zz.sa-east-1.aws.confluent.cloud:9092: socket hang up
[14:23:38] [Error] [Application] Could not fetch link preview for URL https://pkc-4v5zz.sa-east-1.aws.confluent.cloud:9092: socket hang up
[14:23:38] [Error] [Application] Could not fetch link preview for URL https://pkc-4v5zz.sa-east-1.aws.confluent.cloud:9092: socket hang up
[14:23:39] [Error] [Application] Could not fetch link preview for URL https://pkc-n00kk.us-east-1.aws.confluent.cloud:9092: socket hang up
[14:23:39] [Error] [Application] Error running LanguageTool: unable to get local issuer certificate | Native Error: RequestError; unable to get local issuer certificate Stack Trace: RequestError: unable to get local issuer certificate -->     at ClientRequest.<anonymous> (/usr/lib/zettlr/resources/app.asar/.webpack/main/index.js:2:835421) -->     at Object.onceWrapper (node:events:628:26) -->     at ClientRequest.emit (node:events:525:35) -->     at e.emit (/usr/lib/zettlr/resources/app.asar/.webpack/main/index.js:2:11466) -->     at TLSSocket.socketErrorListener (node:_http_client:502:9) -->     at TLSSocket.emit (node:events:513:28) -->     at emitErrorNT (node:internal/streams/destroy:151:8) -->     at emitErrorCloseNT (node:internal/streams/destroy:116:3) -->     at process.processTicksAndRejections (node:internal/process/task_queues:82:21) -->     at TLSSocket.onConnectSecure (node:_tls_wrap:1540:34) -->     at TLSSocket.emit (node:events:513:28) -->     at TLSSocket._finishInit (node:_tls_wrap:959:8) -->     at ssl.onhandshakedone (node:_tls_wrap:743:12)
[14:23:45] [Error] [Application] Error running LanguageTool: unable to get local issuer certificate | Native Error: RequestError; unable to get local issuer certificate Stack Trace: RequestError: unable to get local issuer certificate -->     at ClientRequest.<anonymous> (/usr/lib/zettlr/resources/app.asar/.webpack/main/index.js:2:835421) -->     at Object.onceWrapper (node:events:628:26) -->     at ClientRequest.emit (node:events:525:35) -->     at e.emit (/usr/lib/zettlr/resources/app.asar/.webpack/main/index.js:2:11466) -->     at TLSSocket.socketErrorListener (node:_http_client:502:9) -->     at TLSSocket.emit (node:events:513:28) -->     at emitErrorNT (node:internal/streams/destroy:151:8) -->     at emitErrorCloseNT (node:internal/streams/destroy:116:3) -->     at process.processTicksAndRejections (node:internal/process/task_queues:82:21) -->     at TLSSocket.onConnectSecure (node:_tls_wrap:1540:34) -->     at TLSSocket.emit (node:events:513:28) -->     at TLSSocket._finishInit (node:_tls_wrap:959:8) -->     at ssl.onhandshakedone (node:_tls_wrap:743:12)
[14:23:47] [Error] [Application] Error running LanguageTool: unable to get local issuer certificate | Native Error: RequestError; unable to get local issuer certificate Stack Trace: RequestError: unable to get local issuer certificate -->     at ClientRequest.<anonymous> (/usr/lib/zettlr/resources/app.asar/.webpack/main/index.js:2:835421) -->     at Object.onceWrapper (node:events:628:26) -->     at ClientRequest.emit (node:events:525:35) -->     at e.emit (/usr/lib/zettlr/resources/app.asar/.webpack/main/index.js:2:11466) -->     at TLSSocket.socketErrorListener (node:_http_client:502:9) -->     at TLSSocket.emit (node:events:513:28) -->     at emitErrorNT (node:internal/streams/destroy:151:8) -->     at emitErrorCloseNT (node:internal/streams/destroy:116:3) -->     at process.processTicksAndRejections (node:internal/process/task_queues:82:21) -->     at TLSSocket.onConnectSecure (node:_tls_wrap:1540:34) -->     at TLSSocket.emit (node:events:513:28) -->     at TLSSocket._finishInit (node:_tls_wrap:959:8) -->     at ssl.onhandshakedone (node:_tls_wrap:743:12)
[14:23:48] [Error] [Application] Could not fetch link preview for URL https://pkc-4v5zz.sa-east-1.aws.confluent.cloud:9092: socket hang up
[14:23:51] [Error] [Application] Error running LanguageTool: unable to get local issuer certificate | Native Error: RequestError; unable to get local issuer certificate Stack Trace: RequestError: unable to get local issuer certificate -->     at ClientRequest.<anonymous> (/usr/lib/zettlr/resources/app.asar/.webpack/main/index.js:2:835421) -->     at Object.onceWrapper (node:events:628:26) -->     at ClientRequest.emit (node:events:525:35) -->     at e.emit (/usr/lib/zettlr/resources/app.asar/.webpack/main/index.js:2:11466) -->     at TLSSocket.socketErrorListener (node:_http_client:502:9) -->     at TLSSocket.emit (node:events:513:28) -->     at emitErrorNT (node:internal/streams/destroy:151:8) -->     at emitErrorCloseNT (node:internal/streams/destroy:116:3) -->     at process.processTicksAndRejections (node:internal/process/task_queues:82:21) -->     at TLSSocket.onConnectSecure (node:_tls_wrap:1540:34) -->     at TLSSocket.emit (node:events:513:28) -->     at TLSSocket._finishInit (node:_tls_wrap:959:8) -->     at ssl.onhandshakedone (node:_tls_wrap:743:12)
[14:23:56] [Error] [Application] Error running LanguageTool: unable to get local issuer certificate | Native Error: RequestError; unable to get local issuer certificate Stack Trace: RequestError: unable to get local issuer certificate -->     at ClientRequest.<anonymous> (/usr/lib/zettlr/resources/app.asar/.webpack/main/index.js:2:835421) -->     at Object.onceWrapper (node:events:628:26) -->     at ClientRequest.emit (node:events:525:35) -->     at e.emit (/usr/lib/zettlr/resources/app.asar/.webpack/main/index.js:2:11466) -->     at TLSSocket.socketErrorListener (node:_http_client:502:9) -->     at TLSSocket.emit (node:events:513:28) -->     at emitErrorNT (node:internal/streams/destroy:151:8) -->     at emitErrorCloseNT (node:internal/streams/destroy:116:3) -->     at process.processTicksAndRejections (node:internal/process/task_queues:82:21) -->     at TLSSocket.onConnectSecure (node:_tls_wrap:1540:34) -->     at TLSSocket.emit (node:events:513:28) -->     at TLSSocket._finishInit (node:_tls_wrap:959:8) -->     at ssl.onhandshakedone (node:_tls_wrap:743:12)
[14:23:57] [Info] [WATCHDOG] Emitting event: change:/home/fabioscalzer/projetos/documentação/documentacao/comercio/pricing/mip.md
[14:23:57] [Info] [DocumentManager] File /home/fabioscalzer/projetos/documentação/documentacao/comercio/pricing/mip.md saved.
[14:24:05] [Error] [Application] Error running LanguageTool: unable to get local issuer certificate | Native Error: RequestError; unable to get local issuer certificate Stack Trace: RequestError: unable to get local issuer certificate -->     at ClientRequest.<anonymous> (/usr/lib/zettlr/resources/app.asar/.webpack/main/index.js:2:835421) -->     at Object.onceWrapper (node:events:628:26) -->     at ClientRequest.emit (node:events:525:35) -->     at e.emit (/usr/lib/zettlr/resources/app.asar/.webpack/main/index.js:2:11466) -->     at TLSSocket.socketErrorListener (node:_http_client:502:9) -->     at TLSSocket.emit (node:events:513:28) -->     at emitErrorNT (node:internal/streams/destroy:151:8) -->     at emitErrorCloseNT (node:internal/streams/destroy:116:3) -->     at process.processTicksAndRejections (node:internal/process/task_queues:82:21) -->     at TLSSocket.onConnectSecure (node:_tls_wrap:1540:34) -->     at TLSSocket.emit (node:events:513:28) -->     at TLSSocket._finishInit (node:_tls_wrap:959:8) -->     at ssl.onhandshakedone (node:_tls_wrap:743:12)
[14:24:08] [Error] [Application] Error running LanguageTool: unable to get local issuer certificate | Native Error: RequestError; unable to get local issuer certificate Stack Trace: RequestError: unable to get local issuer certificate -->     at ClientRequest.<anonymous> (/usr/lib/zettlr/resources/app.asar/.webpack/main/index.js:2:835421) -->     at Object.onceWrapper (node:events:628:26) -->     at ClientRequest.emit (node:events:525:35) -->     at e.emit (/usr/lib/zettlr/resources/app.asar/.webpack/main/index.js:2:11466) -->     at TLSSocket.socketErrorListener (node:_http_client:502:9) -->     at TLSSocket.emit (node:events:513:28) -->     at emitErrorNT (node:internal/streams/destroy:151:8) -->     at emitErrorCloseNT (node:internal/streams/destroy:116:3) -->     at process.processTicksAndRejections (node:internal/process/task_queues:82:21) -->     at TLSSocket.onConnectSecure (node:_tls_wrap:1540:34) -->     at TLSSocket.emit (node:events:513:28) -->     at TLSSocket._finishInit (node:_tls_wrap:959:8) -->     at ssl.onhandshakedone (node:_tls_wrap:743:12)
[14:24:10] [Info] [WATCHDOG] Emitting event: change:/home/fabioscalzer/projetos/documentação/documentacao/comercio/pricing/mip.md
[14:24:10] [Info] [DocumentManager] File /home/fabioscalzer/projetos/documentação/documentacao/comercio/pricing/mip.md saved.
[14:24:25] [Error] [Application] Error running LanguageTool: unable to get local issuer certificate | Native Error: RequestError; unable to get local issuer certificate Stack Trace: RequestError: unable to get local issuer certificate -->     at ClientRequest.<anonymous> (/usr/lib/zettlr/resources/app.asar/.webpack/main/index.js:2:835421) -->     at Object.onceWrapper (node:events:628:26) -->     at ClientRequest.emit (node:events:525:35) -->     at e.emit (/usr/lib/zettlr/resources/app.asar/.webpack/main/index.js:2:11466) -->     at TLSSocket.socketErrorListener (node:_http_client:502:9) -->     at TLSSocket.emit (node:events:513:28) -->     at emitErrorNT (node:internal/streams/destroy:151:8) -->     at emitErrorCloseNT (node:internal/streams/destroy:116:3) -->     at process.processTicksAndRejections (node:internal/process/task_queues:82:21) -->     at TLSSocket.onConnectSecure (node:_tls_wrap:1540:34) -->     at TLSSocket.emit (node:events:513:28) -->     at TLSSocket._finishInit (node:_tls_wrap:959:8) -->     at ssl.onhandshakedone (node:_tls_wrap:743:12)
[14:24:28] [Info] [WATCHDOG] Emitting event: change:/home/fabioscalzer/projetos/documentação/documentacao/comercio/pricing/mip.md
[14:24:28] [Info] [DocumentManager] File /home/fabioscalzer/projetos/documentação/documentacao/comercio/pricing/mip.md saved.
[14:24:37] [Error] [Application] Error running LanguageTool: unable to get local issuer certificate | Native Error: RequestError; unable to get local issuer certificate Stack Trace: RequestError: unable to get local issuer certificate -->     at ClientRequest.<anonymous> (/usr/lib/zettlr/resources/app.asar/.webpack/main/index.js:2:835421) -->     at Object.onceWrapper (node:events:628:26) -->     at ClientRequest.emit (node:events:525:35) -->     at e.emit (/usr/lib/zettlr/resources/app.asar/.webpack/main/index.js:2:11466) -->     at TLSSocket.socketErrorListener (node:_http_client:502:9) -->     at TLSSocket.emit (node:events:513:28) -->     at emitErrorNT (node:internal/streams/destroy:151:8) -->     at emitErrorCloseNT (node:internal/streams/destroy:116:3) -->     at process.processTicksAndRejections (node:internal/process/task_queues:82:21) -->     at TLSSocket.onConnectSecure (node:_tls_wrap:1540:34) -->     at TLSSocket.emit (node:events:513:28) -->     at TLSSocket._finishInit (node:_tls_wrap:959:8) -->     at ssl.onhandshakedone (node:_tls_wrap:743:12)
[14:24:39] [Error] [Application] Could not fetch link preview for URL https://autoglass.comercio.mip.integracao.reajuste-preco: getaddrinfo ENOTFOUND autoglass.comercio.mip.integracao.reajuste-preco
[14:24:42] [Error] [Application] Error running LanguageTool: unable to get local issuer certificate | Native Error: RequestError; unable to get local issuer certificate Stack Trace: RequestError: unable to get local issuer certificate -->     at ClientRequest.<anonymous> (/usr/lib/zettlr/resources/app.asar/.webpack/main/index.js:2:835421) -->     at Object.onceWrapper (node:events:628:26) -->     at ClientRequest.emit (node:events:525:35) -->     at e.emit (/usr/lib/zettlr/resources/app.asar/.webpack/main/index.js:2:11466) -->     at TLSSocket.socketErrorListener (node:_http_client:502:9) -->     at TLSSocket.emit (node:events:513:28) -->     at emitErrorNT (node:internal/streams/destroy:151:8) -->     at emitErrorCloseNT (node:internal/streams/destroy:116:3) -->     at process.processTicksAndRejections (node:internal/process/task_queues:82:21) -->     at TLSSocket.onConnectSecure (node:_tls_wrap:1540:34) -->     at TLSSocket.emit (node:events:513:28) -->     at TLSSocket._finishInit (node:_tls_wrap:959:8) -->     at ssl.onhandshakedone (node:_tls_wrap:743:12)
[14:24:43] [Error] [Application] Could not fetch link preview for URL https://autoglass.comercio.mip.integracao.reajuste-preco: getaddrinfo ENOTFOUND autoglass.comercio.mip.integracao.reajuste-preco
[14:24:44] [Error] [Application] Could not fetch link preview for URL https://autoglass.comercio.mip.integracao.reajuste-preco: getaddrinfo ENOTFOUND autoglass.comercio.mip.integracao.reajuste-preco
[14:24:44] [Error] [Application] Could not fetch link preview for URL https://autoglass.comercio.mip.integracao.solicitacao-reajuste-preco: getaddrinfo ENOTFOUND autoglass.comercio.mip.integracao.solicitacao-reajuste-preco
[14:24:44] [Error] [Application] Could not fetch link preview for URL https://autoglass.comercio.mip.integracao.solicitacao-reajuste-preco: getaddrinfo ENOTFOUND autoglass.comercio.mip.integracao.solicitacao-reajuste-preco
[14:24:47] [Error] [Application] Error running LanguageTool: unable to get local issuer certificate | Native Error: RequestError; unable to get local issuer certificate Stack Trace: RequestError: unable to get local issuer certificate -->     at ClientRequest.<anonymous> (/usr/lib/zettlr/resources/app.asar/.webpack/main/index.js:2:835421) -->     at Object.onceWrapper (node:events:628:26) -->     at ClientRequest.emit (node:events:525:35) -->     at e.emit (/usr/lib/zettlr/resources/app.asar/.webpack/main/index.js:2:11466) -->     at TLSSocket.socketErrorListener (node:_http_client:502:9) -->     at TLSSocket.emit (node:events:513:28) -->     at emitErrorNT (node:internal/streams/destroy:151:8) -->     at emitErrorCloseNT (node:internal/streams/destroy:116:3) -->     at process.processTicksAndRejections (node:internal/process/task_queues:82:21) -->     at TLSSocket.onConnectSecure (node:_tls_wrap:1540:34) -->     at TLSSocket.emit (node:events:513:28) -->     at TLSSocket._finishInit (node:_tls_wrap:959:8) -->     at ssl.onhandshakedone (node:_tls_wrap:743:12)
[14:24:50] [Info] [WATCHDOG] Emitting event: change:/home/fabioscalzer/projetos/documentação/documentacao/comercio/pricing/mip.md
[14:24:50] [Info] [DocumentManager] File /home/fabioscalzer/projetos/documentação/documentacao/comercio/pricing/mip.md saved.
[14:24:50] [Error] [Application] Could not fetch link preview for URL https://pkc-4v5zz.sa-east-1.aws.confluent.cloud:9092: socket hang up
[14:24:50] [Error] [Application] Could not fetch link preview for URL https://pkc-4v5zz.sa-east-1.aws.confluent.cloud:9092: socket hang up
[14:24:51] [Error] [Application] Could not fetch link preview for URL https://pkc-4v5zz.sa-east-1.aws.confluent.cloud:9092: socket hang up
[14:24:51] [Info] [WATCHDOG] Emitting event: change:/home/fabioscalzer/projetos/documentação/documentacao/comercio/pricing/mip.md
[14:24:51] [Info] [DocumentManager] File /home/fabioscalzer/projetos/documentação/documentacao/comercio/pricing/mip.md saved.
[14:25:05] [Error] [Application] Could not fetch link preview for URL https://pkc-4v5zz.sa-east-1.aws.confluent.cloud:9092: socket hang up
[14:29:52] [Error] [Application] Could not fetch link preview for URL https://mip-dev.cluster-cu62elblagyw.sa-east-1.rds.amazonaws.com: connect ETIMEDOUT 172.24.137.181:443
[14:55:15] [Error] [Application] Error running LanguageTool: unable to get local issuer certificate | Native Error: RequestError; unable to get local issuer certificate Stack Trace: RequestError: unable to get local issuer certificate -->     at ClientRequest.<anonymous> (/usr/lib/zettlr/resources/app.asar/.webpack/main/index.js:2:835421) -->     at Object.onceWrapper (node:events:628:26) -->     at ClientRequest.emit (node:events:525:35) -->     at e.emit (/usr/lib/zettlr/resources/app.asar/.webpack/main/index.js:2:11466) -->     at TLSSocket.socketErrorListener (node:_http_client:502:9) -->     at TLSSocket.emit (node:events:513:28) -->     at emitErrorNT (node:internal/streams/destroy:151:8) -->     at emitErrorCloseNT (node:internal/streams/destroy:116:3) -->     at process.processTicksAndRejections (node:internal/process/task_queues:82:21) -->     at TLSSocket.onConnectSecure (node:_tls_wrap:1540:34) -->     at TLSSocket.emit (node:events:513:28) -->     at TLSSocket._finishInit (node:_tls_wrap:959:8) -->     at ssl.onhandshakedone (node:_tls_wrap:743:12)
[14:55:23] [Error] [Application] Error running LanguageTool: unable to get local issuer certificate | Native Error: RequestError; unable to get local issuer certificate Stack Trace: RequestError: unable to get local issuer certificate -->     at ClientRequest.<anonymous> (/usr/lib/zettlr/resources/app.asar/.webpack/main/index.js:2:835421) -->     at Object.onceWrapper (node:events:628:26) -->     at ClientRequest.emit (node:events:525:35) -->     at e.emit (/usr/lib/zettlr/resources/app.asar/.webpack/main/index.js:2:11466) -->     at TLSSocket.socketErrorListener (node:_http_client:502:9) -->     at TLSSocket.emit (node:events:513:28) -->     at emitErrorNT (node:internal/streams/destroy:151:8) -->     at emitErrorCloseNT (node:internal/streams/destroy:116:3) -->     at process.processTicksAndRejections (node:internal/process/task_queues:82:21) -->     at TLSSocket.onConnectSecure (node:_tls_wrap:1540:34) -->     at TLSSocket.emit (node:events:513:28) -->     at TLSSocket._finishInit (node:_tls_wrap:959:8) -->     at ssl.onhandshakedone (node:_tls_wrap:743:12)
[14:55:28] [Error] [Application] Error running LanguageTool: unable to get local issuer certificate | Native Error: RequestError; unable to get local issuer certificate Stack Trace: RequestError: unable to get local issuer certificate -->     at ClientRequest.<anonymous> (/usr/lib/zettlr/resources/app.asar/.webpack/main/index.js:2:835421) -->     at Object.onceWrapper (node:events:628:26) -->     at ClientRequest.emit (node:events:525:35) -->     at e.emit (/usr/lib/zettlr/resources/app.asar/.webpack/main/index.js:2:11466) -->     at TLSSocket.socketErrorListener (node:_http_client:502:9) -->     at TLSSocket.emit (node:events:513:28) -->     at emitErrorNT (node:internal/streams/destroy:151:8) -->     at emitErrorCloseNT (node:internal/streams/destroy:116:3) -->     at process.processTicksAndRejections (node:internal/process/task_queues:82:21) -->     at TLSSocket.onConnectSecure (node:_tls_wrap:1540:34) -->     at TLSSocket.emit (node:events:513:28) -->     at TLSSocket._finishInit (node:_tls_wrap:959:8) -->     at ssl.onhandshakedone (node:_tls_wrap:743:12)
[14:55:30] [Info] [WATCHDOG] Emitting event: change:/home/fabioscalzer/projetos/documentação/documentacao/Tarefas.md
[14:55:31] [Info] [DocumentManager] Processing change for /home/fabioscalzer/projetos/documentação/documentacao/Tarefas.md
[14:55:31] [Info] [DocumentManager] File /home/fabioscalzer/projetos/documentação/documentacao/Tarefas.md saved.
[14:55:31] [Info] [WATCHDOG] Emitting event: change:/home/fabioscalzer/projetos/documentação/documentacao/Tarefas.md
[14:55:31] [Info] [DocumentManager] Processing change for /home/fabioscalzer/projetos/documentação/documentacao/Tarefas.md
[14:55:31] [Info] [DocumentManager] File /home/fabioscalzer/projetos/documentação/documentacao/Tarefas.md saved.
[14:55:36] [Error] [Application] Error running LanguageTool: unable to get local issuer certificate | Native Error: RequestError; unable to get local issuer certificate Stack Trace: RequestError: unable to get local issuer certificate -->     at ClientRequest.<anonymous> (/usr/lib/zettlr/resources/app.asar/.webpack/main/index.js:2:835421) -->     at Object.onceWrapper (node:events:628:26) -->     at ClientRequest.emit (node:events:525:35) -->     at e.emit (/usr/lib/zettlr/resources/app.asar/.webpack/main/index.js:2:11466) -->     at TLSSocket.socketErrorListener (node:_http_client:502:9) -->     at TLSSocket.emit (node:events:513:28) -->     at emitErrorNT (node:internal/streams/destroy:151:8) -->     at emitErrorCloseNT (node:internal/streams/destroy:116:3) -->     at process.processTicksAndRejections (node:internal/process/task_queues:82:21) -->     at TLSSocket.onConnectSecure (node:_tls_wrap:1540:34) -->     at TLSSocket.emit (node:events:513:28) -->     at TLSSocket._finishInit (node:_tls_wrap:959:8) -->     at ssl.onhandshakedone (node:_tls_wrap:743:12)
[14:55:38] [Info] [WATCHDOG] Emitting event: change:/home/fabioscalzer/projetos/documentação/documentacao/Tarefas.md
[14:55:38] [Info] [DocumentManager] Processing change for /home/fabioscalzer/projetos/documentação/documentacao/Tarefas.md
[14:55:38] [Info] [DocumentManager] File /home/fabioscalzer/projetos/documentação/documentacao/Tarefas.md saved.
[17:35:09] [Info] [WATCHDOG] Emitting event: add:/home/fabioscalzer/projetos/documentação/documentacao/Senhas.kdbx.tmp
[17:35:09] [Info] [WATCHDOG] Emitting event: change:/home/fabioscalzer/projetos/documentação/documentacao/Senhas.kdbx.tmp
[17:35:09] [Info] [WATCHDOG] Emitting event: change:/home/fabioscalzer/projetos/documentação/documentacao/Senhas.kdbx
[17:35:09] [Info] [WATCHDOG] Emitting event: unlink:/home/fabioscalzer/projetos/documentação/documentacao/Senhas.kdbx.tmp
[17:41:12] [Error] [Application] Error running LanguageTool: unable to get local issuer certificate | Native Error: RequestError; unable to get local issuer certificate Stack Trace: RequestError: unable to get local issuer certificate -->     at ClientRequest.<anonymous> (/usr/lib/zettlr/resources/app.asar/.webpack/main/index.js:2:835421) -->     at Object.onceWrapper (node:events:628:26) -->     at ClientRequest.emit (node:events:525:35) -->     at e.emit (/usr/lib/zettlr/resources/app.asar/.webpack/main/index.js:2:11466) -->     at TLSSocket.socketErrorListener (node:_http_client:502:9) -->     at TLSSocket.emit (node:events:513:28) -->     at emitErrorNT (node:internal/streams/destroy:151:8) -->     at emitErrorCloseNT (node:internal/streams/destroy:116:3) -->     at process.processTicksAndRejections (node:internal/process/task_queues:82:21) -->     at TLSSocket.onConnectSecure (node:_tls_wrap:1540:34) -->     at TLSSocket.emit (node:events:513:28) -->     at TLSSocket._finishInit (node:_tls_wrap:959:8) -->     at ssl.onhandshakedone (node:_tls_wrap:743:12)
[17:41:14] [Info] [WATCHDOG] Emitting event: change:/home/fabioscalzer/projetos/documentação/documentacao/Tarefas.md
[17:41:14] [Info] [DocumentManager] Processing change for /home/fabioscalzer/projetos/documentação/documentacao/Tarefas.md
[17:41:14] [Info] [DocumentManager] File /home/fabioscalzer/projetos/documentação/documentacao/Tarefas.md saved.
[17:58:31] [Info] さようなら！ Shutting down at Wed Sep 20 2023 17:58:31 GMT-0300 (Brasilia Standard Time)
[17:58:31] [Info] Application uptime was: 8 hours, 51 minutes, and 23.415 seconds.
[17:58:31] [Info] [FSAL Cache] Cleaned up cache: Removed 1 remnants.
