[14:07:19] [Warning] [FSAL Cache] Cache data dir does not yet exist: /home/fabioscalzer/.config/Zettlr/fsal/cache.
[14:07:19] [Info] こんにちは！ Booting Zettlr at Mon Sep 11 2023 14:07:19 GMT-0300 (Brasilia Standard Time).
[14:07:19] [Info] Registering custom protocol safe-file
[14:07:19] [Info] No configuration detected: Assuming first start and new version!
[14:07:19] [Warning] [Assets Provider] Required defaults file HTML to Markdown.yaml not found. Copying ...
[14:07:19] [Warning] [Assets Provider] Required defaults file HTML.yaml not found. Copying ...
[14:07:19] [Warning] [Assets Provider] Required defaults file LaTeX to Markdown.yaml not found. Copying ...
[14:07:19] [Warning] [Assets Provider] Required defaults file LaTeX.yaml not found. Copying ...
[14:07:19] [Warning] [Assets Provider] Required defaults file Markdown.yaml not found. Copying ...
[14:07:19] [Warning] [Assets Provider] Required defaults file Microsoft Word to Markdown.yaml not found. Copying ...
[14:07:19] [Warning] [Assets Provider] Required defaults file Microsoft Word.yaml not found. Copying ...
[14:07:19] [Warning] [Assets Provider] Required defaults file OPML to Markdown.yaml not found. Copying ...
[14:07:19] [Warning] [Assets Provider] Required defaults file Open Document Text to Markdown.yaml not found. Copying ...
[14:07:19] [Warning] [Assets Provider] Required defaults file Open Document Text.yaml not found. Copying ...
[14:07:19] [Warning] [Assets Provider] Required defaults file Orgmode to Markdown.yaml not found. Copying ...
[14:07:19] [Warning] [Assets Provider] Required defaults file Plain Text.yaml not found. Copying ...
[14:07:19] [Warning] [Assets Provider] Required defaults file Reveal.js.yaml not found. Copying ...
[14:07:19] [Warning] [Assets Provider] Required defaults file Rich Text Format.yaml not found. Copying ...
[14:07:19] [Warning] [Assets Provider] Required defaults file Textile to Markdown.yaml not found. Copying ...
[14:07:19] [Warning] [Assets Provider] Required defaults file Wiki to Markdown.yaml not found. Copying ...
[14:07:19] [Warning] [Assets Provider] Required defaults file XeLaTeX PDF.yaml not found. Copying ...
[14:07:19] [Warning] [Assets Provider] Required defaults file reStructuredText to Markdown.yaml not found. Copying ...
[14:07:19] [Warning] [Assets Provider] Required defaults file text2tags to Markdown.yaml not found. Copying ...
[14:07:19] [Warning] [Assets Provider] Required filter links.lua not found. Copying ...
[14:07:19] [Warning] [Assets Provider] Required filter tags.lua not found. Copying ...
[14:07:19] [Info] [Citeproc Provider] Loading CSL locale file at /usr/lib/zettlr/resources/app.asar/.webpack/main/assets/csl-locales/locales-en-US.xml ...
[14:07:19] [Info] [Update Provider] Checking for application updates ...
[14:07:19] [Info] [Updater] Checking https://zettlr.com/api/releases/latest for updates ...
[14:07:19] [Info] Clearing the FSAL cache ...
[14:07:19] [Info] [FSAL] Loaded all files and workspaces in 0 seconds
[14:07:19] [Info] [FSAL Cache] Cache cleared!
[14:07:19] [Info] [Window Manager] Window Manager started.
[14:07:19] [Info] [Document Manager] Initializing document storage ...
[14:07:19] [Info] [Document Manager] Restored 1 open windows.
[14:07:19] [Info] [AppServiceContainer] Boot successful!
[14:07:19] [Info] [AppServiceContainer] Copying over the interactive tutorial!
[14:07:19] [Info] [Application] Added /usr/lib/zettlr/resources to PATH.
[14:07:19] [Info] [Application] The bundled pandoc executable is now in PATH. If you do not want to use the bundled pandoc, uncheck the corresponding setting and reboot the app.
[14:07:19] [Info] Successfully copied the tutorial files | Details: LaTeX Guide.md, LaTeX Guide.pdf, citing.md, helpful-links.md, references.json, split-view-intro.md, welcome.md, zettelkasten.md, zettlr.png
[14:07:20] [Warning] [FSAL Directory] Path /home/fabioscalzer/Zettlr Tutorial took 113.78888700157404ms to load.
[14:07:20] [Error] [Update Provider] UNABLE_TO_GET_ISSUER_CERT_LOCALLY: Could not check for updates. RequestError: unable to get local issuer certificate
[14:07:20] [Error] [Application] Could not fetch link preview for URL https://discord.gg/PcfS3DM9Xj: unable to get local issuer certificate
[14:07:21] [Error] [Application] Could not fetch link preview for URL https://www.reddit.com/r/Zettlr: unable to get local issuer certificate
[14:07:21] [Error] [Application] Could not fetch link preview for URL https://docs.zettlr.com/: unable to get local issuer certificate
[14:07:21] [Error] [Application] Could not fetch link preview for URL https://github.com/Zettlr/Zettlr: unable to get local issuer certificate
[14:07:21] [Error] [Application] Could not fetch link preview for URL https://docs.zettlr.com: unable to get local issuer certificate
[14:07:21] [Error] [Application] Could not fetch link preview for URL https://fosstodon.org/@zettlr: unable to get local issuer certificate
[14:07:24] [Error] [Application] Could not fetch link preview for URL https://docs.zettlr.com/en/faq/#im-using-linux-and-deleting-files-doesnt-move-them-to-the-trash: unable to get local issuer certificate
[14:07:24] [Error] [Application] Could not fetch link preview for URL https://fosstodon.org/@zettlr: unable to get local issuer certificate
[14:07:25] [Error] [Application] Could not fetch link preview for URL https://docs.zettlr.com/: unable to get local issuer certificate
[14:07:30] [Info] さようなら！ Shutting down at Mon Sep 11 2023 14:07:30 GMT-0300 (Brasilia Standard Time)
[14:07:30] [Info] Application uptime was: 0 minutes, and 11.489 seconds.
[14:07:30] [Info] [FSAL Cache] Cleaned up cache: Removed 0 remnants.
[14:07:36] [Info] こんにちは！ Booting Zettlr at Mon Sep 11 2023 14:07:36 GMT-0300 (Brasilia Standard Time).
[14:07:36] [Info] Registering custom protocol safe-file
[14:07:36] [Warning] [Assets Provider] Found outdated filter links.lua; copying ...
[14:07:36] [Warning] [Assets Provider] Found outdated filter tags.lua; copying ...
[14:07:36] [Info] [Citeproc Provider] Loading CSL locale file at /usr/lib/zettlr/resources/app.asar/.webpack/main/assets/csl-locales/locales-en-US.xml ...
[14:07:36] [Info] [Update Provider] Checking for application updates ...
[14:07:36] [Info] [Updater] Checking https://zettlr.com/api/releases/latest for updates ...
[14:07:36] [Info] [FSAL] Loaded all files and workspaces in 0 seconds
[14:07:36] [Info] [Window Manager] Window Manager started.
[14:07:36] [Info] [Document Manager] Restored 1 open windows.
[14:07:36] [Info] [AppServiceContainer] Boot successful!
[14:07:36] [Info] [Application] Added /usr/lib/zettlr/resources to PATH.
[14:07:36] [Info] [Application] The bundled pandoc executable is now in PATH. If you do not want to use the bundled pandoc, uncheck the corresponding setting and reboot the app.
[14:07:36] [Error] [Update Provider] UNABLE_TO_GET_ISSUER_CERT_LOCALLY: Could not check for updates. RequestError: unable to get local issuer certificate
[14:07:37] [Error] [Application] Could not fetch link preview for URL https://discord.gg/PcfS3DM9Xj: unable to get local issuer certificate
[14:07:37] [Error] [Application] Could not fetch link preview for URL https://www.reddit.com/r/Zettlr: unable to get local issuer certificate
[14:07:37] [Error] [Application] Could not fetch link preview for URL https://fosstodon.org/@zettlr: unable to get local issuer certificate
[14:07:37] [Error] [Application] Could not fetch link preview for URL https://github.com/Zettlr/Zettlr: unable to get local issuer certificate
[14:07:37] [Error] [Application] Could not fetch link preview for URL https://docs.zettlr.com/: unable to get local issuer certificate
[14:07:37] [Error] [Application] Could not fetch link preview for URL https://docs.zettlr.com: unable to get local issuer certificate
[14:08:04] [Info] さようなら！ Shutting down at Mon Sep 11 2023 14:08:04 GMT-0300 (Brasilia Standard Time)
[14:08:04] [Info] Application uptime was: 0 minutes, and 28.641 seconds.
[14:08:04] [Info] [FSAL Cache] Cleaned up cache: Removed 0 remnants.
[14:08:16] [Info] こんにちは！ Booting Zettlr at Mon Sep 11 2023 14:08:16 GMT-0300 (Brasilia Standard Time).
[14:08:16] [Info] Registering custom protocol safe-file
[14:08:16] [Warning] [Assets Provider] Found outdated filter links.lua; copying ...
[14:08:16] [Warning] [Assets Provider] Found outdated filter tags.lua; copying ...
[14:08:16] [Info] [Citeproc Provider] Loading CSL locale file at /usr/lib/zettlr/resources/app.asar/.webpack/main/assets/csl-locales/locales-en-US.xml ...
[14:08:16] [Info] [Update Provider] Checking for application updates ...
[14:08:16] [Info] [Updater] Checking https://zettlr.com/api/releases/latest for updates ...
[14:08:16] [Info] [FSAL] Loaded all files and workspaces in 0 seconds
[14:08:16] [Info] [Window Manager] Window Manager started.
[14:08:16] [Info] [Document Manager] Restored 1 open windows.
[14:08:16] [Info] [AppServiceContainer] Boot successful!
[14:08:16] [Info] [Application] Added /usr/lib/zettlr/resources to PATH.
[14:08:16] [Info] [Application] The bundled pandoc executable is now in PATH. If you do not want to use the bundled pandoc, uncheck the corresponding setting and reboot the app.
[14:08:16] [Error] [Update Provider] UNABLE_TO_GET_ISSUER_CERT_LOCALLY: Could not check for updates. RequestError: unable to get local issuer certificate
[14:08:17] [Error] [Application] Could not fetch link preview for URL https://fosstodon.org/@zettlr: unable to get local issuer certificate
[14:08:17] [Error] [Application] Could not fetch link preview for URL https://discord.gg/PcfS3DM9Xj: unable to get local issuer certificate
[14:08:17] [Error] [Application] Could not fetch link preview for URL https://fosstodon.org/@zettlr: unable to get local issuer certificate
[14:08:17] [Error] [Application] Could not fetch link preview for URL https://www.reddit.com/r/Zettlr: unable to get local issuer certificate
[14:08:17] [Error] [Application] Could not fetch link preview for URL https://github.com/Zettlr/Zettlr: unable to get local issuer certificate
[14:08:17] [Error] [Application] Could not fetch link preview for URL https://docs.zettlr.com/: unable to get local issuer certificate
[14:08:17] [Error] [Application] Could not fetch link preview for URL https://docs.zettlr.com: unable to get local issuer certificate
[14:08:22] [Error] [Application] Could not fetch link preview for URL https://docs.zettlr.com/en/faq/#im-using-linux-and-deleting-files-doesnt-move-them-to-the-trash: unable to get local issuer certificate
[14:09:30] [Warning] [FSAL Directory] Path /home/fabioscalzer/projetos/documentação/documentacao took 296.37200900167227ms to load.
[14:09:35] [Warning] [R] [Main Window (619fcd54-5f5e-48cf-b84a-d1e74893f878)] Could not apply delta, either local or remote not available [object Proxy] undefined 7712acad-dffa-4b3b-a4a1-83dbf0286bd3 (index.js:2)
[14:09:35] [Warning] [R] [Main Window (619fcd54-5f5e-48cf-b84a-d1e74893f878)] Could not apply delta, either local or remote not available [object Proxy] undefined 7712acad-dffa-4b3b-a4a1-83dbf0286bd3 (index.js:2)
[14:09:35] [Error] [Application] Could not fetch link preview for URL https://discord.gg/PcfS3DM9Xj: unable to get local issuer certificate
[14:09:35] [Error] [Application] Could not fetch link preview for URL https://www.reddit.com/r/Zettlr: unable to get local issuer certificate
[14:09:35] [Error] [Application] Could not fetch link preview for URL https://fosstodon.org/@zettlr: unable to get local issuer certificate
[14:09:35] [Error] [Application] Could not fetch link preview for URL https://github.com/Zettlr/Zettlr: unable to get local issuer certificate
[14:09:35] [Error] [Application] Could not fetch link preview for URL https://docs.zettlr.com: unable to get local issuer certificate
[14:09:35] [Error] [Application] Could not fetch link preview for URL https://docs.zettlr.com/: unable to get local issuer certificate
[14:09:36] [Warning] [R] [Main Window (619fcd54-5f5e-48cf-b84a-d1e74893f878)] Could not apply delta, either local or remote not available [object Proxy] undefined 2a3b6e70-e4cd-4e2f-80a5-9548acac9afd (index.js:2)
[14:09:36] [Warning] [R] [Main Window (619fcd54-5f5e-48cf-b84a-d1e74893f878)] Could not apply delta, either local or remote not available [object Proxy] undefined 2a3b6e70-e4cd-4e2f-80a5-9548acac9afd (index.js:2)
[14:09:36] [Error] [Application] Could not fetch link preview for URL https://docs.zettlr.com/: unable to get local issuer certificate
[14:11:35] [Info] [Dictionary Provider] Loaded dictionaries: en-US
[14:12:38] [Error] [Application] Error running LanguageTool: unable to get local issuer certificate | Native Error: RequestError; unable to get local issuer certificate Stack Trace: RequestError: unable to get local issuer certificate -->     at ClientRequest.<anonymous> (/usr/lib/zettlr/resources/app.asar/.webpack/main/index.js:2:835421) -->     at Object.onceWrapper (node:events:628:26) -->     at ClientRequest.emit (node:events:525:35) -->     at e.emit (/usr/lib/zettlr/resources/app.asar/.webpack/main/index.js:2:11466) -->     at TLSSocket.socketErrorListener (node:_http_client:502:9) -->     at TLSSocket.emit (node:events:513:28) -->     at emitErrorNT (node:internal/streams/destroy:151:8) -->     at emitErrorCloseNT (node:internal/streams/destroy:116:3) -->     at process.processTicksAndRejections (node:internal/process/task_queues:82:21) -->     at TLSSocket.onConnectSecure (node:_tls_wrap:1540:34) -->     at TLSSocket.emit (node:events:513:28) -->     at TLSSocket._finishInit (node:_tls_wrap:959:8) -->     at ssl.onhandshakedone (node:_tls_wrap:743:12)
[14:12:40] [Info] [WATCHDOG] Emitting event: change:/home/fabioscalzer/projetos/documentação/documentacao/Tarefas.md
[14:12:40] [Info] [DocumentManager] Processing change for /home/fabioscalzer/projetos/documentação/documentacao/Tarefas.md
[14:12:40] [Info] [DocumentManager] File /home/fabioscalzer/projetos/documentação/documentacao/Tarefas.md saved.
[14:14:25] [Info] [Dictionary Provider] Loaded dictionaries: 
[14:19:29] [Info] [WATCHDOG] Emitting event: change:/home/fabioscalzer/projetos/documentação/documentacao/Tarefas.md
[14:19:29] [Info] [DocumentManager] Processing change for /home/fabioscalzer/projetos/documentação/documentacao/Tarefas.md
[14:19:29] [Info] [DocumentManager] File /home/fabioscalzer/projetos/documentação/documentacao/Tarefas.md saved.
[14:20:01] [Info] [WATCHDOG] Emitting event: change:/home/fabioscalzer/projetos/documentação/documentacao/Tarefas.md
[14:20:01] [Info] [DocumentManager] Processing change for /home/fabioscalzer/projetos/documentação/documentacao/Tarefas.md
[14:20:01] [Info] [DocumentManager] File /home/fabioscalzer/projetos/documentação/documentacao/Tarefas.md saved.
[14:20:09] [Info] [WATCHDOG] Emitting event: change:/home/fabioscalzer/projetos/documentação/documentacao/Tarefas.md
[14:20:09] [Info] [DocumentManager] Processing change for /home/fabioscalzer/projetos/documentação/documentacao/Tarefas.md
[14:20:09] [Info] [DocumentManager] File /home/fabioscalzer/projetos/documentação/documentacao/Tarefas.md saved.
[14:22:56] [Info] さようなら！ Shutting down at Mon Sep 11 2023 14:22:56 GMT-0300 (Brasilia Standard Time)
[14:22:56] [Info] Application uptime was: 14 minutes, and 40.291 seconds.
[14:22:56] [Info] [FSAL Cache] Cleaned up cache: Removed 0 remnants.
[14:23:01] [Info] こんにちは！ Booting Zettlr at Mon Sep 11 2023 14:23:01 GMT-0300 (Brasilia Standard Time).
[14:23:01] [Info] Registering custom protocol safe-file
[14:23:01] [Warning] [Assets Provider] Found outdated filter links.lua; copying ...
[14:23:01] [Warning] [Assets Provider] Found outdated filter tags.lua; copying ...
[14:23:01] [Info] [Citeproc Provider] Loading CSL locale file at /usr/lib/zettlr/resources/app.asar/.webpack/main/assets/csl-locales/locales-en-US.xml ...
[14:23:01] [Info] [Update Provider] Checking for application updates ...
[14:23:01] [Info] [Updater] Checking https://zettlr.com/api/releases/latest for updates ...
[14:23:01] [Info] [FSAL] Loaded all files and workspaces in 0.03 seconds
[14:23:01] [Info] [Window Manager] Window Manager started.
[14:23:01] [Info] [Document Manager] Restored 1 open windows.
[14:23:01] [Info] [AppServiceContainer] Boot successful!
[14:23:01] [Info] [Application] Added /usr/lib/zettlr/resources to PATH.
[14:23:01] [Info] [Application] The bundled pandoc executable is now in PATH. If you do not want to use the bundled pandoc, uncheck the corresponding setting and reboot the app.
[14:23:02] [Error] [Update Provider] UNABLE_TO_GET_ISSUER_CERT_LOCALLY: Could not check for updates. RequestError: unable to get local issuer certificate
[14:23:13] [Info] さようなら！ Shutting down at Mon Sep 11 2023 14:23:13 GMT-0300 (Brasilia Standard Time)
[14:23:13] [Info] Application uptime was: 0 minutes, and 12.208 seconds.
[14:23:13] [Info] [FSAL Cache] Cleaned up cache: Removed 0 remnants.
[14:23:41] [Info] こんにちは！ Booting Zettlr at Mon Sep 11 2023 14:23:41 GMT-0300 (Brasilia Standard Time).
[14:23:41] [Info] Registering custom protocol safe-file
[14:23:41] [Warning] [Assets Provider] Found outdated filter links.lua; copying ...
[14:23:41] [Warning] [Assets Provider] Found outdated filter tags.lua; copying ...
[14:23:41] [Info] [Citeproc Provider] Loading CSL locale file at /usr/lib/zettlr/resources/app.asar/.webpack/main/assets/csl-locales/locales-en-US.xml ...
[14:23:41] [Info] [Update Provider] Checking for application updates ...
[14:23:41] [Info] [Updater] Checking https://zettlr.com/api/releases/latest for updates ...
[14:23:41] [Info] [FSAL] Loaded all files and workspaces in 0.04 seconds
[14:23:41] [Info] [Window Manager] Window Manager started.
[14:23:41] [Info] [Document Manager] Restored 1 open windows.
[14:23:41] [Info] [AppServiceContainer] Boot successful!
[14:23:41] [Info] [Application] Added /usr/lib/zettlr/resources to PATH.
[14:23:41] [Info] [Application] The bundled pandoc executable is now in PATH. If you do not want to use the bundled pandoc, uncheck the corresponding setting and reboot the app.
[14:23:42] [Error] [Update Provider] UNABLE_TO_GET_ISSUER_CERT_LOCALLY: Could not check for updates. RequestError: unable to get local issuer certificate
[14:24:47] [Info] [WATCHDOG] Emitting event: change:/home/fabioscalzer/projetos/documentação/documentacao/comercio/coletaInteligente/coletaInteligente.md
[14:24:47] [Info] [DocumentManager] Processing change for /home/fabioscalzer/projetos/documentação/documentacao/comercio/coletaInteligente/coletaInteligente.md
[14:24:47] [Info] [DocumentManager] File /home/fabioscalzer/projetos/documentação/documentacao/comercio/coletaInteligente/coletaInteligente.md saved.
[14:24:55] [Info] [WATCHDOG] Emitting event: change:/home/fabioscalzer/projetos/documentação/documentacao/comercio/coletaInteligente/coletaInteligente.md
[14:24:55] [Info] [DocumentManager] Processing change for /home/fabioscalzer/projetos/documentação/documentacao/comercio/coletaInteligente/coletaInteligente.md
[14:24:55] [Info] [DocumentManager] File /home/fabioscalzer/projetos/documentação/documentacao/comercio/coletaInteligente/coletaInteligente.md saved.
[14:25:47] [Info] [WATCHDOG] Emitting event: change:/home/fabioscalzer/projetos/documentação/documentacao/comercio/coletaInteligente/coletaInteligente.md
[14:25:47] [Info] [DocumentManager] Processing change for /home/fabioscalzer/projetos/documentação/documentacao/comercio/coletaInteligente/coletaInteligente.md
[14:25:47] [Info] [DocumentManager] File /home/fabioscalzer/projetos/documentação/documentacao/comercio/coletaInteligente/coletaInteligente.md saved.
[14:29:18] [Info] [WATCHDOG] Emitting event: change:/home/fabioscalzer/projetos/documentação/documentacao/comercio/coletaInteligente/coletaInteligente.md
[14:29:18] [Info] [DocumentManager] Processing change for /home/fabioscalzer/projetos/documentação/documentacao/comercio/coletaInteligente/coletaInteligente.md
[14:29:18] [Info] [DocumentManager] File /home/fabioscalzer/projetos/documentação/documentacao/comercio/coletaInteligente/coletaInteligente.md saved.
[14:38:03] [Info] さようなら！ Shutting down at Mon Sep 11 2023 14:38:03 GMT-0300 (Brasilia Standard Time)
[14:38:03] [Info] Application uptime was: 14 minutes, and 22.600 seconds.
[14:38:03] [Info] [FSAL Cache] Cleaned up cache: Removed 0 remnants.
[14:47:23] [Info] こんにちは！ Booting Zettlr at Mon Sep 11 2023 14:47:23 GMT-0300 (Brasilia Standard Time).
[14:47:23] [Info] Registering custom protocol safe-file
[14:47:23] [Warning] [Assets Provider] Found outdated filter links.lua; copying ...
[14:47:23] [Warning] [Assets Provider] Found outdated filter tags.lua; copying ...
[14:47:23] [Info] [Citeproc Provider] Loading CSL locale file at /usr/lib/zettlr/resources/app.asar/.webpack/main/assets/csl-locales/locales-en-US.xml ...
[14:47:23] [Info] [Update Provider] Checking for application updates ...
[14:47:23] [Info] [Updater] Checking https://zettlr.com/api/releases/latest for updates ...
[14:47:23] [Info] [FSAL] Loaded all files and workspaces in 0.03 seconds
[14:47:23] [Info] [Window Manager] Window Manager started.
[14:47:23] [Info] [Document Manager] Restored 1 open windows.
[14:47:23] [Info] [AppServiceContainer] Boot successful!
[14:47:23] [Info] [Application] Added /usr/lib/zettlr/resources to PATH.
[14:47:23] [Info] [Application] The bundled pandoc executable is now in PATH. If you do not want to use the bundled pandoc, uncheck the corresponding setting and reboot the app.
[14:47:24] [Error] [Update Provider] UNABLE_TO_GET_ISSUER_CERT_LOCALLY: Could not check for updates. RequestError: unable to get local issuer certificate
[14:47:44] [Info] さようなら！ Shutting down at Mon Sep 11 2023 14:47:44 GMT-0300 (Brasilia Standard Time)
[14:47:44] [Info] Application uptime was: 0 minutes, and 22.40 seconds.
[14:47:44] [Info] [FSAL Cache] Cleaned up cache: Removed 0 remnants.
[14:47:50] [Info] こんにちは！ Booting Zettlr at Mon Sep 11 2023 14:47:50 GMT-0300 (Brasilia Standard Time).
[14:47:50] [Info] Registering custom protocol safe-file
[14:47:50] [Warning] [Assets Provider] Found outdated filter links.lua; copying ...
[14:47:50] [Warning] [Assets Provider] Found outdated filter tags.lua; copying ...
[14:47:50] [Info] [Citeproc Provider] Loading CSL locale file at /usr/lib/zettlr/resources/app.asar/.webpack/main/assets/csl-locales/locales-en-US.xml ...
[14:47:50] [Info] [Update Provider] Checking for application updates ...
[14:47:50] [Info] [Updater] Checking https://zettlr.com/api/releases/latest for updates ...
[14:47:50] [Info] [FSAL] Loaded all files and workspaces in 0.03 seconds
[14:47:50] [Info] [Window Manager] Window Manager started.
[14:47:50] [Info] [Document Manager] Restored 1 open windows.
[14:47:50] [Info] [AppServiceContainer] Boot successful!
[14:47:50] [Info] [Application] Added /usr/lib/zettlr/resources to PATH.
[14:47:50] [Info] [Application] The bundled pandoc executable is now in PATH. If you do not want to use the bundled pandoc, uncheck the corresponding setting and reboot the app.
[14:47:51] [Error] [Update Provider] UNABLE_TO_GET_ISSUER_CERT_LOCALLY: Could not check for updates. RequestError: unable to get local issuer certificate
[14:48:18] [Info] [R] [Stats Window] [Link Provider] Graph constructed in 25ms. Graph contains 42 nodes, 8 arcs and 34 components. (index.js:2)
[15:15:56] [Info] [WATCHDOG] Emitting event: change:/home/fabioscalzer/projetos/documentação/documentacao/Tarefas.md
[15:15:56] [Info] [DocumentManager] Processing change for /home/fabioscalzer/projetos/documentação/documentacao/Tarefas.md
[15:15:56] [Info] [DocumentManager] File /home/fabioscalzer/projetos/documentação/documentacao/Tarefas.md saved.
[15:16:01] [Info] [WATCHDOG] Emitting event: change:/home/fabioscalzer/projetos/documentação/documentacao/Tarefas.md
[15:16:01] [Info] [DocumentManager] Processing change for /home/fabioscalzer/projetos/documentação/documentacao/Tarefas.md
[15:16:01] [Info] [DocumentManager] File /home/fabioscalzer/projetos/documentação/documentacao/Tarefas.md saved.
[15:16:08] [Info] [WATCHDOG] Emitting event: change:/home/fabioscalzer/projetos/documentação/documentacao/Tarefas.md
[15:16:08] [Info] [DocumentManager] Processing change for /home/fabioscalzer/projetos/documentação/documentacao/Tarefas.md
[15:16:08] [Info] [DocumentManager] File /home/fabioscalzer/projetos/documentação/documentacao/Tarefas.md saved.
[16:01:10] [Info] [WATCHDOG] Emitting event: change:/home/fabioscalzer/projetos/documentação/documentacao/Tarefas.md
[16:01:10] [Info] [DocumentManager] Processing change for /home/fabioscalzer/projetos/documentação/documentacao/Tarefas.md
[16:01:10] [Info] [DocumentManager] File /home/fabioscalzer/projetos/documentação/documentacao/Tarefas.md saved.
[16:05:46] [Info] [DocumentManager] Processing change for /home/fabioscalzer/projetos/documentação/documentacao/comercio/coletaInteligente/coletaInteligente.md
[16:05:46] [Info] [WATCHDOG] Emitting event: change:/home/fabioscalzer/projetos/documentação/documentacao/comercio/coletaInteligente/coletaInteligente.md
[16:05:46] [Info] [DocumentManager] File /home/fabioscalzer/projetos/documentação/documentacao/comercio/coletaInteligente/coletaInteligente.md saved.
[16:06:13] [Info] [WATCHDOG] Emitting event: change:/home/fabioscalzer/projetos/documentação/documentacao/comercio/coletaInteligente/coletaInteligente.md
[16:06:13] [Info] [DocumentManager] Processing change for /home/fabioscalzer/projetos/documentação/documentacao/comercio/coletaInteligente/coletaInteligente.md
[16:06:13] [Info] [DocumentManager] File /home/fabioscalzer/projetos/documentação/documentacao/comercio/coletaInteligente/coletaInteligente.md saved.
[16:07:55] [Info] [WATCHDOG] Emitting event: change:/home/fabioscalzer/projetos/documentação/documentacao/comercio/coletaInteligente/coletaInteligente.md
[16:07:55] [Info] [DocumentManager] Processing change for /home/fabioscalzer/projetos/documentação/documentacao/comercio/coletaInteligente/coletaInteligente.md
[16:07:55] [Info] [DocumentManager] File /home/fabioscalzer/projetos/documentação/documentacao/comercio/coletaInteligente/coletaInteligente.md saved.
[16:08:03] [Info] [WATCHDOG] Emitting event: change:/home/fabioscalzer/projetos/documentação/documentacao/comercio/coletaInteligente/coletaInteligente.md
[16:08:03] [Info] [DocumentManager] Processing change for /home/fabioscalzer/projetos/documentação/documentacao/comercio/coletaInteligente/coletaInteligente.md
[16:08:03] [Info] [DocumentManager] File /home/fabioscalzer/projetos/documentação/documentacao/comercio/coletaInteligente/coletaInteligente.md saved.
[16:08:16] [Info] [Update Provider] Checking for application updates ...
[16:08:16] [Info] [Updater] Checking https://zettlr.com/api/releases/latest for updates ...
[16:08:16] [Error] [Update Provider] UNABLE_TO_GET_ISSUER_CERT_LOCALLY: Could not check for updates. RequestError: unable to get local issuer certificate
[16:13:48] [Info] [WATCHDOG] Emitting event: change:/home/fabioscalzer/projetos/documentação/documentacao/comercio/coletaInteligente/coletaInteligente.md
[16:13:48] [Info] [DocumentManager] Processing change for /home/fabioscalzer/projetos/documentação/documentacao/comercio/coletaInteligente/coletaInteligente.md
[16:13:48] [Info] [DocumentManager] File /home/fabioscalzer/projetos/documentação/documentacao/comercio/coletaInteligente/coletaInteligente.md saved.
[16:13:51] [Info] [WATCHDOG] Emitting event: change:/home/fabioscalzer/projetos/documentação/documentacao/comercio/coletaInteligente/coletaInteligente.md
[16:13:51] [Info] [DocumentManager] Processing change for /home/fabioscalzer/projetos/documentação/documentacao/comercio/coletaInteligente/coletaInteligente.md
[16:13:51] [Info] [DocumentManager] File /home/fabioscalzer/projetos/documentação/documentacao/comercio/coletaInteligente/coletaInteligente.md saved.
[16:13:52] [Info] [WATCHDOG] Emitting event: change:/home/fabioscalzer/projetos/documentação/documentacao/comercio/coletaInteligente/coletaInteligente.md
[16:13:52] [Info] [DocumentManager] Processing change for /home/fabioscalzer/projetos/documentação/documentacao/comercio/coletaInteligente/coletaInteligente.md
[16:13:52] [Info] [DocumentManager] File /home/fabioscalzer/projetos/documentação/documentacao/comercio/coletaInteligente/coletaInteligente.md saved.
[16:13:52] [Info] [WATCHDOG] Emitting event: change:/home/fabioscalzer/projetos/documentação/documentacao/comercio/coletaInteligente/coletaInteligente.md
[16:13:52] [Info] [DocumentManager] Processing change for /home/fabioscalzer/projetos/documentação/documentacao/comercio/coletaInteligente/coletaInteligente.md
[16:13:52] [Info] [DocumentManager] File /home/fabioscalzer/projetos/documentação/documentacao/comercio/coletaInteligente/coletaInteligente.md saved.
[16:13:53] [Info] [WATCHDOG] Emitting event: change:/home/fabioscalzer/projetos/documentação/documentacao/comercio/coletaInteligente/coletaInteligente.md
[16:13:53] [Info] [DocumentManager] Processing change for /home/fabioscalzer/projetos/documentação/documentacao/comercio/coletaInteligente/coletaInteligente.md
[16:13:53] [Info] [DocumentManager] File /home/fabioscalzer/projetos/documentação/documentacao/comercio/coletaInteligente/coletaInteligente.md saved.
[16:18:37] [Info] [WATCHDOG] Emitting event: change:/home/fabioscalzer/projetos/documentação/documentacao/comercio/coletaInteligente/coletaInteligente.md
[16:18:37] [Info] [DocumentManager] Processing change for /home/fabioscalzer/projetos/documentação/documentacao/comercio/coletaInteligente/coletaInteligente.md
[16:18:37] [Info] [DocumentManager] File /home/fabioscalzer/projetos/documentação/documentacao/comercio/coletaInteligente/coletaInteligente.md saved.
[16:18:53] [Info] [WATCHDOG] Emitting event: change:/home/fabioscalzer/projetos/documentação/documentacao/comercio/coletaInteligente/coletaInteligente.md
[16:18:53] [Info] [DocumentManager] Processing change for /home/fabioscalzer/projetos/documentação/documentacao/comercio/coletaInteligente/coletaInteligente.md
[16:18:53] [Info] [DocumentManager] File /home/fabioscalzer/projetos/documentação/documentacao/comercio/coletaInteligente/coletaInteligente.md saved.
[16:19:00] [Info] [WATCHDOG] Emitting event: change:/home/fabioscalzer/projetos/documentação/documentacao/comercio/coletaInteligente/coletaInteligente.md
[16:19:00] [Info] [DocumentManager] Processing change for /home/fabioscalzer/projetos/documentação/documentacao/comercio/coletaInteligente/coletaInteligente.md
[16:19:00] [Info] [DocumentManager] File /home/fabioscalzer/projetos/documentação/documentacao/comercio/coletaInteligente/coletaInteligente.md saved.
[16:20:14] [Info] [WATCHDOG] Emitting event: change:/home/fabioscalzer/projetos/documentação/documentacao/comercio/coletaInteligente/coletaInteligente.md
[16:20:14] [Info] [DocumentManager] Processing change for /home/fabioscalzer/projetos/documentação/documentacao/comercio/coletaInteligente/coletaInteligente.md
[16:20:14] [Info] [DocumentManager] File /home/fabioscalzer/projetos/documentação/documentacao/comercio/coletaInteligente/coletaInteligente.md saved.
[16:20:51] [Info] [WATCHDOG] Emitting event: change:/home/fabioscalzer/projetos/documentação/documentacao/comercio/coletaInteligente/coletaInteligente.md
[16:20:51] [Info] [DocumentManager] Processing change for /home/fabioscalzer/projetos/documentação/documentacao/comercio/coletaInteligente/coletaInteligente.md
[16:20:51] [Info] [DocumentManager] File /home/fabioscalzer/projetos/documentação/documentacao/comercio/coletaInteligente/coletaInteligente.md saved.
[16:21:03] [Info] [WATCHDOG] Emitting event: change:/home/fabioscalzer/projetos/documentação/documentacao/comercio/coletaInteligente/coletaInteligente.md
[16:21:03] [Info] [DocumentManager] Processing change for /home/fabioscalzer/projetos/documentação/documentacao/comercio/coletaInteligente/coletaInteligente.md
[16:21:03] [Info] [DocumentManager] File /home/fabioscalzer/projetos/documentação/documentacao/comercio/coletaInteligente/coletaInteligente.md saved.
[16:21:29] [Info] [WATCHDOG] Emitting event: change:/home/fabioscalzer/projetos/documentação/documentacao/comercio/coletaInteligente/coletaInteligente.md
[16:21:29] [Info] [DocumentManager] Processing change for /home/fabioscalzer/projetos/documentação/documentacao/comercio/coletaInteligente/coletaInteligente.md
[16:21:29] [Info] [DocumentManager] File /home/fabioscalzer/projetos/documentação/documentacao/comercio/coletaInteligente/coletaInteligente.md saved.
[16:21:36] [Info] [DocumentManager] Processing change for /home/fabioscalzer/projetos/documentação/documentacao/comercio/coletaInteligente/coletaInteligente.md
[16:21:36] [Info] [WATCHDOG] Emitting event: change:/home/fabioscalzer/projetos/documentação/documentacao/comercio/coletaInteligente/coletaInteligente.md
[16:21:36] [Info] [DocumentManager] File /home/fabioscalzer/projetos/documentação/documentacao/comercio/coletaInteligente/coletaInteligente.md saved.
[16:25:14] [Info] [WATCHDOG] Emitting event: change:/home/fabioscalzer/projetos/documentação/documentacao/comercio/coletaInteligente/coletaInteligente.md
[16:25:14] [Info] [DocumentManager] Processing change for /home/fabioscalzer/projetos/documentação/documentacao/comercio/coletaInteligente/coletaInteligente.md
[16:25:14] [Info] [DocumentManager] File /home/fabioscalzer/projetos/documentação/documentacao/comercio/coletaInteligente/coletaInteligente.md saved.
[16:25:45] [Info] [WATCHDOG] Emitting event: change:/home/fabioscalzer/projetos/documentação/documentacao/comercio/coletaInteligente/coletaInteligente.md
[16:25:45] [Info] [DocumentManager] Processing change for /home/fabioscalzer/projetos/documentação/documentacao/comercio/coletaInteligente/coletaInteligente.md
[16:25:45] [Info] [DocumentManager] File /home/fabioscalzer/projetos/documentação/documentacao/comercio/coletaInteligente/coletaInteligente.md saved.
[16:26:15] [Info] [WATCHDOG] Emitting event: change:/home/fabioscalzer/projetos/documentação/documentacao/comercio/coletaInteligente/coletaInteligente.md
[16:26:15] [Info] [DocumentManager] Processing change for /home/fabioscalzer/projetos/documentação/documentacao/comercio/coletaInteligente/coletaInteligente.md
[16:26:15] [Info] [DocumentManager] File /home/fabioscalzer/projetos/documentação/documentacao/comercio/coletaInteligente/coletaInteligente.md saved.
[16:26:38] [Info] [WATCHDOG] Emitting event: change:/home/fabioscalzer/projetos/documentação/documentacao/comercio/coletaInteligente/coletaInteligente.md
[16:26:38] [Info] [DocumentManager] Processing change for /home/fabioscalzer/projetos/documentação/documentacao/comercio/coletaInteligente/coletaInteligente.md
[16:26:38] [Info] [DocumentManager] File /home/fabioscalzer/projetos/documentação/documentacao/comercio/coletaInteligente/coletaInteligente.md saved.
[16:28:39] [Info] [WATCHDOG] Emitting event: change:/home/fabioscalzer/projetos/documentação/documentacao/comercio/coletaInteligente/coletaInteligente.md
[16:28:39] [Info] [DocumentManager] Processing change for /home/fabioscalzer/projetos/documentação/documentacao/comercio/coletaInteligente/coletaInteligente.md
[16:28:39] [Info] [DocumentManager] File /home/fabioscalzer/projetos/documentação/documentacao/comercio/coletaInteligente/coletaInteligente.md saved.
[16:29:05] [Info] [WATCHDOG] Emitting event: change:/home/fabioscalzer/projetos/documentação/documentacao/Tarefas.md
[16:29:05] [Info] [DocumentManager] Processing change for /home/fabioscalzer/projetos/documentação/documentacao/Tarefas.md
[16:29:05] [Info] [DocumentManager] File /home/fabioscalzer/projetos/documentação/documentacao/Tarefas.md saved.
[16:55:06] [Info] [WATCHDOG] Emitting event: change:/home/fabioscalzer/projetos/documentação/documentacao/comercio/coletaInteligente/coletaInteligente.md
[16:55:06] [Info] [DocumentManager] Processing change for /home/fabioscalzer/projetos/documentação/documentacao/comercio/coletaInteligente/coletaInteligente.md
[16:55:06] [Info] [DocumentManager] File /home/fabioscalzer/projetos/documentação/documentacao/comercio/coletaInteligente/coletaInteligente.md saved.
[16:57:27] [Info] [WATCHDOG] Emitting event: change:/home/fabioscalzer/projetos/documentação/documentacao/comercio/coletaInteligente/coletaInteligente.md
[16:57:27] [Info] [DocumentManager] Processing change for /home/fabioscalzer/projetos/documentação/documentacao/comercio/coletaInteligente/coletaInteligente.md
[16:57:27] [Info] [DocumentManager] File /home/fabioscalzer/projetos/documentação/documentacao/comercio/coletaInteligente/coletaInteligente.md saved.
[16:58:00] [Info] [WATCHDOG] Emitting event: change:/home/fabioscalzer/projetos/documentação/documentacao/comercio/coletaInteligente/coletaInteligente.md
[16:58:00] [Info] [DocumentManager] Processing change for /home/fabioscalzer/projetos/documentação/documentacao/comercio/coletaInteligente/coletaInteligente.md
[16:58:00] [Info] [DocumentManager] File /home/fabioscalzer/projetos/documentação/documentacao/comercio/coletaInteligente/coletaInteligente.md saved.
[16:58:52] [Info] [WATCHDOG] Emitting event: change:/home/fabioscalzer/projetos/documentação/documentacao/comercio/coletaInteligente/coletaInteligente.md
[16:58:52] [Info] [DocumentManager] Processing change for /home/fabioscalzer/projetos/documentação/documentacao/comercio/coletaInteligente/coletaInteligente.md
[16:58:52] [Info] [DocumentManager] File /home/fabioscalzer/projetos/documentação/documentacao/comercio/coletaInteligente/coletaInteligente.md saved.
[17:12:39] [Info] [WATCHDOG] Emitting event: change:/home/fabioscalzer/projetos/documentação/documentacao/comercio/coletaInteligente/coletaInteligente.md
[17:12:39] [Info] [DocumentManager] Processing change for /home/fabioscalzer/projetos/documentação/documentacao/comercio/coletaInteligente/coletaInteligente.md
[17:12:39] [Info] [DocumentManager] File /home/fabioscalzer/projetos/documentação/documentacao/comercio/coletaInteligente/coletaInteligente.md saved.
[17:13:35] [Info] [WATCHDOG] Emitting event: change:/home/fabioscalzer/projetos/documentação/documentacao/comercio/coletaInteligente/coletaInteligente.md
[17:13:35] [Info] [DocumentManager] Processing change for /home/fabioscalzer/projetos/documentação/documentacao/comercio/coletaInteligente/coletaInteligente.md
[17:13:35] [Info] [DocumentManager] File /home/fabioscalzer/projetos/documentação/documentacao/comercio/coletaInteligente/coletaInteligente.md saved.
[17:15:15] [Info] [WATCHDOG] Emitting event: change:/home/fabioscalzer/projetos/documentação/documentacao/comercio/coletaInteligente/coletaInteligente.md
[17:15:15] [Info] [DocumentManager] Processing change for /home/fabioscalzer/projetos/documentação/documentacao/comercio/coletaInteligente/coletaInteligente.md
[17:15:15] [Info] [DocumentManager] File /home/fabioscalzer/projetos/documentação/documentacao/comercio/coletaInteligente/coletaInteligente.md saved.
[17:15:36] [Info] [DocumentManager] Processing change for /home/fabioscalzer/projetos/documentação/documentacao/comercio/coletaInteligente/coletaInteligente.md
[17:15:36] [Info] [WATCHDOG] Emitting event: change:/home/fabioscalzer/projetos/documentação/documentacao/comercio/coletaInteligente/coletaInteligente.md
[17:15:36] [Info] [DocumentManager] File /home/fabioscalzer/projetos/documentação/documentacao/comercio/coletaInteligente/coletaInteligente.md saved.
[17:15:53] [Info] [WATCHDOG] Emitting event: change:/home/fabioscalzer/projetos/documentação/documentacao/comercio/coletaInteligente/coletaInteligente.md
[17:15:53] [Info] [DocumentManager] Processing change for /home/fabioscalzer/projetos/documentação/documentacao/comercio/coletaInteligente/coletaInteligente.md
[17:15:53] [Info] [DocumentManager] File /home/fabioscalzer/projetos/documentação/documentacao/comercio/coletaInteligente/coletaInteligente.md saved.
[17:16:24] [Info] [WATCHDOG] Emitting event: change:/home/fabioscalzer/projetos/documentação/documentacao/comercio/coletaInteligente/coletaInteligente.md
[17:16:24] [Info] [DocumentManager] Processing change for /home/fabioscalzer/projetos/documentação/documentacao/comercio/coletaInteligente/coletaInteligente.md
[17:16:24] [Info] [DocumentManager] File /home/fabioscalzer/projetos/documentação/documentacao/comercio/coletaInteligente/coletaInteligente.md saved.
[17:17:15] [Info] [WATCHDOG] Emitting event: change:/home/fabioscalzer/projetos/documentação/documentacao/comercio/coletaInteligente/coletaInteligente.md
[17:17:15] [Info] [DocumentManager] Processing change for /home/fabioscalzer/projetos/documentação/documentacao/comercio/coletaInteligente/coletaInteligente.md
[17:17:15] [Info] [DocumentManager] File /home/fabioscalzer/projetos/documentação/documentacao/comercio/coletaInteligente/coletaInteligente.md saved.
[17:17:25] [Info] [WATCHDOG] Emitting event: change:/home/fabioscalzer/projetos/documentação/documentacao/comercio/coletaInteligente/coletaInteligente.md
[17:17:25] [Info] [DocumentManager] Processing change for /home/fabioscalzer/projetos/documentação/documentacao/comercio/coletaInteligente/coletaInteligente.md
[17:17:25] [Info] [DocumentManager] File /home/fabioscalzer/projetos/documentação/documentacao/comercio/coletaInteligente/coletaInteligente.md saved.
[17:17:40] [Info] [DocumentManager] Processing change for /home/fabioscalzer/projetos/documentação/documentacao/comercio/coletaInteligente/coletaInteligente.md
[17:17:40] [Info] [WATCHDOG] Emitting event: change:/home/fabioscalzer/projetos/documentação/documentacao/comercio/coletaInteligente/coletaInteligente.md
[17:17:40] [Info] [DocumentManager] File /home/fabioscalzer/projetos/documentação/documentacao/comercio/coletaInteligente/coletaInteligente.md saved.
[17:19:42] [Info] [WATCHDOG] Emitting event: change:/home/fabioscalzer/projetos/documentação/documentacao/comercio/coletaInteligente/coletaInteligente.md
[17:19:42] [Info] [DocumentManager] Processing change for /home/fabioscalzer/projetos/documentação/documentacao/comercio/coletaInteligente/coletaInteligente.md
[17:19:42] [Info] [DocumentManager] File /home/fabioscalzer/projetos/documentação/documentacao/comercio/coletaInteligente/coletaInteligente.md saved.
[17:19:54] [Info] [WATCHDOG] Emitting event: change:/home/fabioscalzer/projetos/documentação/documentacao/comercio/coletaInteligente/coletaInteligente.md
[17:19:54] [Info] [DocumentManager] Processing change for /home/fabioscalzer/projetos/documentação/documentacao/comercio/coletaInteligente/coletaInteligente.md
[17:19:54] [Info] [DocumentManager] File /home/fabioscalzer/projetos/documentação/documentacao/comercio/coletaInteligente/coletaInteligente.md saved.
[17:20:12] [Info] [WATCHDOG] Emitting event: change:/home/fabioscalzer/projetos/documentação/documentacao/comercio/coletaInteligente/coletaInteligente.md
[17:20:12] [Info] [DocumentManager] Processing change for /home/fabioscalzer/projetos/documentação/documentacao/comercio/coletaInteligente/coletaInteligente.md
[17:20:12] [Info] [DocumentManager] File /home/fabioscalzer/projetos/documentação/documentacao/comercio/coletaInteligente/coletaInteligente.md saved.
[17:20:40] [Info] [DocumentManager] Processing change for /home/fabioscalzer/projetos/documentação/documentacao/comercio/coletaInteligente/coletaInteligente.md
[17:20:40] [Info] [WATCHDOG] Emitting event: change:/home/fabioscalzer/projetos/documentação/documentacao/comercio/coletaInteligente/coletaInteligente.md
[17:20:40] [Info] [DocumentManager] File /home/fabioscalzer/projetos/documentação/documentacao/comercio/coletaInteligente/coletaInteligente.md saved.
[17:21:15] [Info] [WATCHDOG] Emitting event: change:/home/fabioscalzer/projetos/documentação/documentacao/comercio/coletaInteligente/coletaInteligente.md
[17:21:15] [Info] [DocumentManager] Processing change for /home/fabioscalzer/projetos/documentação/documentacao/comercio/coletaInteligente/coletaInteligente.md
[17:21:15] [Info] [DocumentManager] File /home/fabioscalzer/projetos/documentação/documentacao/comercio/coletaInteligente/coletaInteligente.md saved.
[17:21:35] [Info] [WATCHDOG] Emitting event: change:/home/fabioscalzer/projetos/documentação/documentacao/comercio/coletaInteligente/coletaInteligente.md
[17:21:35] [Info] [DocumentManager] Processing change for /home/fabioscalzer/projetos/documentação/documentacao/comercio/coletaInteligente/coletaInteligente.md
[17:21:35] [Info] [DocumentManager] File /home/fabioscalzer/projetos/documentação/documentacao/comercio/coletaInteligente/coletaInteligente.md saved.
[17:22:02] [Info] [WATCHDOG] Emitting event: change:/home/fabioscalzer/projetos/documentação/documentacao/comercio/coletaInteligente/coletaInteligente.md
[17:22:02] [Info] [DocumentManager] Processing change for /home/fabioscalzer/projetos/documentação/documentacao/comercio/coletaInteligente/coletaInteligente.md
[17:22:02] [Info] [DocumentManager] File /home/fabioscalzer/projetos/documentação/documentacao/comercio/coletaInteligente/coletaInteligente.md saved.
[17:22:03] [Info] [WATCHDOG] Emitting event: change:/home/fabioscalzer/projetos/documentação/documentacao/comercio/coletaInteligente/coletaInteligente.md
[17:22:03] [Info] [DocumentManager] Processing change for /home/fabioscalzer/projetos/documentação/documentacao/comercio/coletaInteligente/coletaInteligente.md
[17:22:03] [Info] [DocumentManager] File /home/fabioscalzer/projetos/documentação/documentacao/comercio/coletaInteligente/coletaInteligente.md saved.
[17:22:36] [Info] [WATCHDOG] Emitting event: change:/home/fabioscalzer/projetos/documentação/documentacao/comercio/coletaInteligente/coletaInteligente.md
[17:22:36] [Info] [DocumentManager] Processing change for /home/fabioscalzer/projetos/documentação/documentacao/comercio/coletaInteligente/coletaInteligente.md
[17:22:36] [Info] [DocumentManager] File /home/fabioscalzer/projetos/documentação/documentacao/comercio/coletaInteligente/coletaInteligente.md saved.
[17:23:42] [Info] [WATCHDOG] Emitting event: change:/home/fabioscalzer/projetos/documentação/documentacao/comercio/coletaInteligente/coletaInteligente.md
[17:23:42] [Info] [DocumentManager] Processing change for /home/fabioscalzer/projetos/documentação/documentacao/comercio/coletaInteligente/coletaInteligente.md
[17:23:42] [Info] [DocumentManager] File /home/fabioscalzer/projetos/documentação/documentacao/comercio/coletaInteligente/coletaInteligente.md saved.
[17:23:54] [Info] [WATCHDOG] Emitting event: change:/home/fabioscalzer/projetos/documentação/documentacao/comercio/coletaInteligente/coletaInteligente.md
[17:23:54] [Info] [DocumentManager] Processing change for /home/fabioscalzer/projetos/documentação/documentacao/comercio/coletaInteligente/coletaInteligente.md
[17:23:54] [Info] [DocumentManager] File /home/fabioscalzer/projetos/documentação/documentacao/comercio/coletaInteligente/coletaInteligente.md saved.
[17:25:52] [Info] [WATCHDOG] Emitting event: change:/home/fabioscalzer/projetos/documentação/documentacao/comercio/coletaInteligente/coletaInteligente.md
[17:25:52] [Info] [DocumentManager] Processing change for /home/fabioscalzer/projetos/documentação/documentacao/comercio/coletaInteligente/coletaInteligente.md
[17:25:52] [Info] [DocumentManager] File /home/fabioscalzer/projetos/documentação/documentacao/comercio/coletaInteligente/coletaInteligente.md saved.
[17:25:58] [Info] [WATCHDOG] Emitting event: change:/home/fabioscalzer/projetos/documentação/documentacao/comercio/coletaInteligente/coletaInteligente.md
[17:25:58] [Info] [DocumentManager] Processing change for /home/fabioscalzer/projetos/documentação/documentacao/comercio/coletaInteligente/coletaInteligente.md
[17:25:58] [Info] [DocumentManager] File /home/fabioscalzer/projetos/documentação/documentacao/comercio/coletaInteligente/coletaInteligente.md saved.
[17:26:12] [Info] [WATCHDOG] Emitting event: change:/home/fabioscalzer/projetos/documentação/documentacao/comercio/coletaInteligente/coletaInteligente.md
[17:26:12] [Info] [DocumentManager] Processing change for /home/fabioscalzer/projetos/documentação/documentacao/comercio/coletaInteligente/coletaInteligente.md
[17:26:12] [Info] [DocumentManager] File /home/fabioscalzer/projetos/documentação/documentacao/comercio/coletaInteligente/coletaInteligente.md saved.
[17:26:30] [Info] [WATCHDOG] Emitting event: change:/home/fabioscalzer/projetos/documentação/documentacao/comercio/coletaInteligente/coletaInteligente.md
[17:26:30] [Info] [DocumentManager] Processing change for /home/fabioscalzer/projetos/documentação/documentacao/comercio/coletaInteligente/coletaInteligente.md
[17:26:30] [Info] [DocumentManager] File /home/fabioscalzer/projetos/documentação/documentacao/comercio/coletaInteligente/coletaInteligente.md saved.
[17:27:06] [Info] [WATCHDOG] Emitting event: change:/home/fabioscalzer/projetos/documentação/documentacao/comercio/coletaInteligente/coletaInteligente.md
[17:27:06] [Info] [DocumentManager] Processing change for /home/fabioscalzer/projetos/documentação/documentacao/comercio/coletaInteligente/coletaInteligente.md
[17:27:06] [Info] [DocumentManager] File /home/fabioscalzer/projetos/documentação/documentacao/comercio/coletaInteligente/coletaInteligente.md saved.
[17:27:13] [Info] [WATCHDOG] Emitting event: change:/home/fabioscalzer/projetos/documentação/documentacao/comercio/coletaInteligente/coletaInteligente.md
[17:27:13] [Info] [DocumentManager] Processing change for /home/fabioscalzer/projetos/documentação/documentacao/comercio/coletaInteligente/coletaInteligente.md
[17:27:13] [Info] [DocumentManager] File /home/fabioscalzer/projetos/documentação/documentacao/comercio/coletaInteligente/coletaInteligente.md saved.
[17:27:42] [Info] [WATCHDOG] Emitting event: change:/home/fabioscalzer/projetos/documentação/documentacao/comercio/coletaInteligente/coletaInteligente.md
[17:27:42] [Info] [DocumentManager] Processing change for /home/fabioscalzer/projetos/documentação/documentacao/comercio/coletaInteligente/coletaInteligente.md
[17:27:42] [Info] [DocumentManager] File /home/fabioscalzer/projetos/documentação/documentacao/comercio/coletaInteligente/coletaInteligente.md saved.
[17:27:47] [Info] [WATCHDOG] Emitting event: change:/home/fabioscalzer/projetos/documentação/documentacao/comercio/coletaInteligente/coletaInteligente.md
[17:27:47] [Info] [DocumentManager] Processing change for /home/fabioscalzer/projetos/documentação/documentacao/comercio/coletaInteligente/coletaInteligente.md
[17:27:47] [Info] [DocumentManager] File /home/fabioscalzer/projetos/documentação/documentacao/comercio/coletaInteligente/coletaInteligente.md saved.
[17:28:44] [Info] [WATCHDOG] Emitting event: change:/home/fabioscalzer/projetos/documentação/documentacao/comercio/coletaInteligente/coletaInteligente.md
[17:28:44] [Info] [DocumentManager] Processing change for /home/fabioscalzer/projetos/documentação/documentacao/comercio/coletaInteligente/coletaInteligente.md
[17:28:44] [Info] [DocumentManager] File /home/fabioscalzer/projetos/documentação/documentacao/comercio/coletaInteligente/coletaInteligente.md saved.
[17:29:20] [Info] [WATCHDOG] Emitting event: change:/home/fabioscalzer/projetos/documentação/documentacao/comercio/coletaInteligente/coletaInteligente.md
[17:29:20] [Info] [DocumentManager] Processing change for /home/fabioscalzer/projetos/documentação/documentacao/comercio/coletaInteligente/coletaInteligente.md
[17:29:20] [Info] [DocumentManager] File /home/fabioscalzer/projetos/documentação/documentacao/comercio/coletaInteligente/coletaInteligente.md saved.
[17:29:40] [Info] [WATCHDOG] Emitting event: change:/home/fabioscalzer/projetos/documentação/documentacao/comercio/coletaInteligente/coletaInteligente.md
[17:29:40] [Info] [DocumentManager] Processing change for /home/fabioscalzer/projetos/documentação/documentacao/comercio/coletaInteligente/coletaInteligente.md
[17:29:40] [Info] [DocumentManager] File /home/fabioscalzer/projetos/documentação/documentacao/comercio/coletaInteligente/coletaInteligente.md saved.
[17:30:36] [Info] [WATCHDOG] Emitting event: change:/home/fabioscalzer/projetos/documentação/documentacao/comercio/coletaInteligente/coletaInteligente.md
[17:30:36] [Info] [DocumentManager] Processing change for /home/fabioscalzer/projetos/documentação/documentacao/comercio/coletaInteligente/coletaInteligente.md
[17:30:37] [Info] [DocumentManager] File /home/fabioscalzer/projetos/documentação/documentacao/comercio/coletaInteligente/coletaInteligente.md saved.
[17:31:02] [Info] [WATCHDOG] Emitting event: change:/home/fabioscalzer/projetos/documentação/documentacao/comercio/coletaInteligente/coletaInteligente.md
[17:31:02] [Info] [DocumentManager] Processing change for /home/fabioscalzer/projetos/documentação/documentacao/comercio/coletaInteligente/coletaInteligente.md
[17:31:02] [Info] [DocumentManager] File /home/fabioscalzer/projetos/documentação/documentacao/comercio/coletaInteligente/coletaInteligente.md saved.
[17:31:30] [Info] [WATCHDOG] Emitting event: change:/home/fabioscalzer/projetos/documentação/documentacao/comercio/coletaInteligente/coletaInteligente.md
[17:31:30] [Info] [DocumentManager] Processing change for /home/fabioscalzer/projetos/documentação/documentacao/comercio/coletaInteligente/coletaInteligente.md
[17:31:30] [Info] [DocumentManager] File /home/fabioscalzer/projetos/documentação/documentacao/comercio/coletaInteligente/coletaInteligente.md saved.
[17:31:48] [Info] [WATCHDOG] Emitting event: change:/home/fabioscalzer/projetos/documentação/documentacao/comercio/coletaInteligente/coletaInteligente.md
[17:31:48] [Info] [DocumentManager] Processing change for /home/fabioscalzer/projetos/documentação/documentacao/comercio/coletaInteligente/coletaInteligente.md
[17:31:48] [Info] [DocumentManager] File /home/fabioscalzer/projetos/documentação/documentacao/comercio/coletaInteligente/coletaInteligente.md saved.
[17:32:05] [Info] [WATCHDOG] Emitting event: change:/home/fabioscalzer/projetos/documentação/documentacao/comercio/coletaInteligente/coletaInteligente.md
[17:32:05] [Info] [DocumentManager] Processing change for /home/fabioscalzer/projetos/documentação/documentacao/comercio/coletaInteligente/coletaInteligente.md
[17:32:05] [Info] [DocumentManager] File /home/fabioscalzer/projetos/documentação/documentacao/comercio/coletaInteligente/coletaInteligente.md saved.
[17:32:24] [Info] [WATCHDOG] Emitting event: change:/home/fabioscalzer/projetos/documentação/documentacao/comercio/coletaInteligente/coletaInteligente.md
[17:32:24] [Info] [DocumentManager] Processing change for /home/fabioscalzer/projetos/documentação/documentacao/comercio/coletaInteligente/coletaInteligente.md
[17:32:24] [Info] [DocumentManager] File /home/fabioscalzer/projetos/documentação/documentacao/comercio/coletaInteligente/coletaInteligente.md saved.
[17:32:56] [Info] [WATCHDOG] Emitting event: change:/home/fabioscalzer/projetos/documentação/documentacao/comercio/coletaInteligente/coletaInteligente.md
[17:32:56] [Info] [DocumentManager] Processing change for /home/fabioscalzer/projetos/documentação/documentacao/comercio/coletaInteligente/coletaInteligente.md
[17:32:56] [Info] [DocumentManager] File /home/fabioscalzer/projetos/documentação/documentacao/comercio/coletaInteligente/coletaInteligente.md saved.
[17:33:09] [Info] [WATCHDOG] Emitting event: change:/home/fabioscalzer/projetos/documentação/documentacao/comercio/coletaInteligente/coletaInteligente.md
[17:33:09] [Info] [DocumentManager] Processing change for /home/fabioscalzer/projetos/documentação/documentacao/comercio/coletaInteligente/coletaInteligente.md
[17:33:09] [Info] [DocumentManager] File /home/fabioscalzer/projetos/documentação/documentacao/comercio/coletaInteligente/coletaInteligente.md saved.
[17:42:02] [Info] [WATCHDOG] Emitting event: change:/home/fabioscalzer/projetos/documentação/documentacao/comercio/coletaInteligente/coletaInteligente.md
[17:42:02] [Info] [DocumentManager] Processing change for /home/fabioscalzer/projetos/documentação/documentacao/comercio/coletaInteligente/coletaInteligente.md
[17:42:02] [Info] [DocumentManager] File /home/fabioscalzer/projetos/documentação/documentacao/comercio/coletaInteligente/coletaInteligente.md saved.
[17:43:06] [Info] [WATCHDOG] Emitting event: change:/home/fabioscalzer/projetos/documentação/documentacao/comercio/coletaInteligente/coletaInteligente.md
[17:43:06] [Info] [DocumentManager] Processing change for /home/fabioscalzer/projetos/documentação/documentacao/comercio/coletaInteligente/coletaInteligente.md
[17:43:06] [Info] [DocumentManager] File /home/fabioscalzer/projetos/documentação/documentacao/comercio/coletaInteligente/coletaInteligente.md saved.
[17:43:07] [Info] [WATCHDOG] Emitting event: change:/home/fabioscalzer/projetos/documentação/documentacao/comercio/coletaInteligente/coletaInteligente.md
[17:43:07] [Info] [DocumentManager] Processing change for /home/fabioscalzer/projetos/documentação/documentacao/comercio/coletaInteligente/coletaInteligente.md
[17:43:07] [Info] [DocumentManager] File /home/fabioscalzer/projetos/documentação/documentacao/comercio/coletaInteligente/coletaInteligente.md saved.
[17:43:59] [Info] [DocumentManager] Processing change for /home/fabioscalzer/projetos/documentação/documentacao/comercio/coletaInteligente/coletaInteligente.md
[17:43:59] [Info] [WATCHDOG] Emitting event: change:/home/fabioscalzer/projetos/documentação/documentacao/comercio/coletaInteligente/coletaInteligente.md
[17:43:59] [Info] [DocumentManager] File /home/fabioscalzer/projetos/documentação/documentacao/comercio/coletaInteligente/coletaInteligente.md saved.
[17:44:46] [Info] [WATCHDOG] Emitting event: change:/home/fabioscalzer/projetos/documentação/documentacao/comercio/coletaInteligente/coletaInteligente.md
[17:44:46] [Info] [DocumentManager] Processing change for /home/fabioscalzer/projetos/documentação/documentacao/comercio/coletaInteligente/coletaInteligente.md
[17:44:46] [Info] [DocumentManager] File /home/fabioscalzer/projetos/documentação/documentacao/comercio/coletaInteligente/coletaInteligente.md saved.
[17:44:51] [Info] [DocumentManager] Processing change for /home/fabioscalzer/projetos/documentação/documentacao/comercio/coletaInteligente/coletaInteligente.md
[17:44:51] [Info] [WATCHDOG] Emitting event: change:/home/fabioscalzer/projetos/documentação/documentacao/comercio/coletaInteligente/coletaInteligente.md
[17:44:51] [Info] [DocumentManager] File /home/fabioscalzer/projetos/documentação/documentacao/comercio/coletaInteligente/coletaInteligente.md saved.
[17:46:49] [Info] [WATCHDOG] Emitting event: add:/home/fabioscalzer/projetos/documentação/documentacao/comercio/coletaInteligente/coletaInteligente.html
[17:46:49] [Info] [WATCHDOG] Emitting event: change:/home/fabioscalzer/projetos/documentação/documentacao/comercio/coletaInteligente/coletaInteligente.html
[17:46:49] [Info] [WATCHDOG] Emitting event: add:/home/fabioscalzer/projetos/documentação/documentacao/comercio/coletaInteligente/coletaInteligente.pdf
[17:46:49] [Info] Successfully exported file to /home/fabioscalzer/projetos/documentação/documentacao/comercio/coletaInteligente/coletaInteligente.pdf
[17:46:51] [Error] Could not open exported file: A required tool could not be found | Native Error: Error; Could not open exported file: A required tool could not be found Stack Trace: Error: Could not open exported file: A required tool could not be found -->     at p.run (/usr/lib/zettlr/resources/app.asar/.webpack/main/index.js:2:1903642) -->     at async W.run (/usr/lib/zettlr/resources/app.asar/.webpack/main/index.js:2:1931563) -->     at async /usr/lib/zettlr/resources/app.asar/.webpack/main/index.js:2:1930239 -->     at async WebContents.<anonymous> (node:electron/js2c/browser_init:2:88876)
[17:46:51] [Info] [WATCHDOG] Emitting event: unlink:/home/fabioscalzer/projetos/documentação/documentacao/comercio/coletaInteligente/coletaInteligente.html
[17:49:57] [Info] [WATCHDOG] Emitting event: change:/home/fabioscalzer/projetos/documentação/documentacao/comercio/coletaInteligente/coletaInteligente.md
[17:49:57] [Info] [DocumentManager] Processing change for /home/fabioscalzer/projetos/documentação/documentacao/comercio/coletaInteligente/coletaInteligente.md
[17:49:57] [Info] [DocumentManager] File /home/fabioscalzer/projetos/documentação/documentacao/comercio/coletaInteligente/coletaInteligente.md saved.
[17:52:34] [Info] [WATCHDOG] Emitting event: change:/home/fabioscalzer/projetos/documentação/documentacao/comercio/coletaInteligente/coletaInteligente.md
[17:52:34] [Info] [DocumentManager] Processing change for /home/fabioscalzer/projetos/documentação/documentacao/comercio/coletaInteligente/coletaInteligente.md
[17:52:34] [Info] [DocumentManager] File /home/fabioscalzer/projetos/documentação/documentacao/comercio/coletaInteligente/coletaInteligente.md saved.
[17:52:36] [Info] [DocumentManager] Processing change for /home/fabioscalzer/projetos/documentação/documentacao/comercio/coletaInteligente/coletaInteligente.md
[17:52:36] [Info] [WATCHDOG] Emitting event: change:/home/fabioscalzer/projetos/documentação/documentacao/comercio/coletaInteligente/coletaInteligente.md
[17:52:36] [Info] [DocumentManager] File /home/fabioscalzer/projetos/documentação/documentacao/comercio/coletaInteligente/coletaInteligente.md saved.
[17:53:07] [Info] [WATCHDOG] Emitting event: change:/home/fabioscalzer/projetos/documentação/documentacao/comercio/coletaInteligente/coletaInteligente.md
[17:53:07] [Info] [DocumentManager] Processing change for /home/fabioscalzer/projetos/documentação/documentacao/comercio/coletaInteligente/coletaInteligente.md
[17:53:07] [Info] [DocumentManager] File /home/fabioscalzer/projetos/documentação/documentacao/comercio/coletaInteligente/coletaInteligente.md saved.
[17:53:21] [Info] [WATCHDOG] Emitting event: change:/home/fabioscalzer/projetos/documentação/documentacao/comercio/coletaInteligente/coletaInteligente.md
[17:53:21] [Info] [DocumentManager] Processing change for /home/fabioscalzer/projetos/documentação/documentacao/comercio/coletaInteligente/coletaInteligente.md
[17:53:21] [Info] [DocumentManager] File /home/fabioscalzer/projetos/documentação/documentacao/comercio/coletaInteligente/coletaInteligente.md saved.
[17:53:23] [Info] [WATCHDOG] Emitting event: change:/home/fabioscalzer/projetos/documentação/documentacao/comercio/coletaInteligente/coletaInteligente.md
[17:53:23] [Info] [DocumentManager] Processing change for /home/fabioscalzer/projetos/documentação/documentacao/comercio/coletaInteligente/coletaInteligente.md
[17:53:23] [Info] [DocumentManager] File /home/fabioscalzer/projetos/documentação/documentacao/comercio/coletaInteligente/coletaInteligente.md saved.
[17:54:01] [Info] [WATCHDOG] Emitting event: change:/home/fabioscalzer/projetos/documentação/documentacao/comercio/coletaInteligente/coletaInteligente.md
[17:54:01] [Info] [DocumentManager] Processing change for /home/fabioscalzer/projetos/documentação/documentacao/comercio/coletaInteligente/coletaInteligente.md
[17:54:01] [Info] [DocumentManager] File /home/fabioscalzer/projetos/documentação/documentacao/comercio/coletaInteligente/coletaInteligente.md saved.
[17:54:19] [Info] [WATCHDOG] Emitting event: change:/home/fabioscalzer/projetos/documentação/documentacao/comercio/coletaInteligente/coletaInteligente.md
[17:54:19] [Info] [DocumentManager] Processing change for /home/fabioscalzer/projetos/documentação/documentacao/comercio/coletaInteligente/coletaInteligente.md
[17:54:19] [Info] [DocumentManager] File /home/fabioscalzer/projetos/documentação/documentacao/comercio/coletaInteligente/coletaInteligente.md saved.
[17:54:41] [Info] [WATCHDOG] Emitting event: change:/home/fabioscalzer/projetos/documentação/documentacao/comercio/coletaInteligente/coletaInteligente.md
[17:54:41] [Info] [DocumentManager] Processing change for /home/fabioscalzer/projetos/documentação/documentacao/comercio/coletaInteligente/coletaInteligente.md
[17:54:41] [Info] [DocumentManager] File /home/fabioscalzer/projetos/documentação/documentacao/comercio/coletaInteligente/coletaInteligente.md saved.
[17:56:15] [Info] [WATCHDOG] Emitting event: change:/home/fabioscalzer/projetos/documentação/documentacao/comercio/coletaInteligente/coletaInteligente.md
[17:56:15] [Info] [DocumentManager] Processing change for /home/fabioscalzer/projetos/documentação/documentacao/comercio/coletaInteligente/coletaInteligente.md
[17:56:15] [Info] [DocumentManager] File /home/fabioscalzer/projetos/documentação/documentacao/comercio/coletaInteligente/coletaInteligente.md saved.
[17:57:08] [Info] [DocumentManager] Processing change for /home/fabioscalzer/projetos/documentação/documentacao/comercio/coletaInteligente/coletaInteligente.md
[17:57:08] [Info] [WATCHDOG] Emitting event: change:/home/fabioscalzer/projetos/documentação/documentacao/comercio/coletaInteligente/coletaInteligente.md
[17:57:08] [Info] [DocumentManager] File /home/fabioscalzer/projetos/documentação/documentacao/comercio/coletaInteligente/coletaInteligente.md saved.
[17:57:20] [Info] [WATCHDOG] Emitting event: change:/home/fabioscalzer/projetos/documentação/documentacao/comercio/coletaInteligente/coletaInteligente.md
[17:57:20] [Info] [DocumentManager] Processing change for /home/fabioscalzer/projetos/documentação/documentacao/comercio/coletaInteligente/coletaInteligente.md
[17:57:20] [Info] [DocumentManager] File /home/fabioscalzer/projetos/documentação/documentacao/comercio/coletaInteligente/coletaInteligente.md saved.
[17:57:53] [Info] [WATCHDOG] Emitting event: change:/home/fabioscalzer/projetos/documentação/documentacao/comercio/coletaInteligente/coletaInteligente.md
[17:57:53] [Info] [DocumentManager] Processing change for /home/fabioscalzer/projetos/documentação/documentacao/comercio/coletaInteligente/coletaInteligente.md
[17:57:53] [Info] [DocumentManager] File /home/fabioscalzer/projetos/documentação/documentacao/comercio/coletaInteligente/coletaInteligente.md saved.
[17:58:53] [Info] [WATCHDOG] Emitting event: change:/home/fabioscalzer/projetos/documentação/documentacao/comercio/coletaInteligente/coletaInteligente.md
[17:58:53] [Info] [DocumentManager] Processing change for /home/fabioscalzer/projetos/documentação/documentacao/comercio/coletaInteligente/coletaInteligente.md
[17:58:53] [Info] [DocumentManager] File /home/fabioscalzer/projetos/documentação/documentacao/comercio/coletaInteligente/coletaInteligente.md saved.
[18:00:14] [Info] [WATCHDOG] Emitting event: change:/home/fabioscalzer/projetos/documentação/documentacao/comercio/coletaInteligente/coletaInteligente.md
[18:00:14] [Info] [DocumentManager] Processing change for /home/fabioscalzer/projetos/documentação/documentacao/comercio/coletaInteligente/coletaInteligente.md
[18:00:14] [Info] [DocumentManager] File /home/fabioscalzer/projetos/documentação/documentacao/comercio/coletaInteligente/coletaInteligente.md saved.
[18:01:18] [Info] [WATCHDOG] Emitting event: change:/home/fabioscalzer/projetos/documentação/documentacao/comercio/coletaInteligente/coletaInteligente.md
[18:01:18] [Info] [DocumentManager] Processing change for /home/fabioscalzer/projetos/documentação/documentacao/comercio/coletaInteligente/coletaInteligente.md
[18:01:18] [Info] [DocumentManager] File /home/fabioscalzer/projetos/documentação/documentacao/comercio/coletaInteligente/coletaInteligente.md saved.
[18:02:27] [Info] [WATCHDOG] Emitting event: change:/home/fabioscalzer/projetos/documentação/documentacao/comercio/coletaInteligente/coletaInteligente.md
[18:02:27] [Info] [DocumentManager] Processing change for /home/fabioscalzer/projetos/documentação/documentacao/comercio/coletaInteligente/coletaInteligente.md
[18:02:27] [Info] [DocumentManager] File /home/fabioscalzer/projetos/documentação/documentacao/comercio/coletaInteligente/coletaInteligente.md saved.
[18:04:02] [Info] [WATCHDOG] Emitting event: change:/home/fabioscalzer/projetos/documentação/documentacao/comercio/coletaInteligente/coletaInteligente.md
[18:04:02] [Info] [DocumentManager] Processing change for /home/fabioscalzer/projetos/documentação/documentacao/comercio/coletaInteligente/coletaInteligente.md
[18:04:02] [Info] [DocumentManager] File /home/fabioscalzer/projetos/documentação/documentacao/comercio/coletaInteligente/coletaInteligente.md saved.
[18:05:04] [Info] [WATCHDOG] Emitting event: change:/home/fabioscalzer/projetos/documentação/documentacao/comercio/coletaInteligente/coletaInteligente.md
[18:05:04] [Info] [DocumentManager] Processing change for /home/fabioscalzer/projetos/documentação/documentacao/comercio/coletaInteligente/coletaInteligente.md
[18:05:04] [Info] [DocumentManager] File /home/fabioscalzer/projetos/documentação/documentacao/comercio/coletaInteligente/coletaInteligente.md saved.
[18:05:20] [Info] [WATCHDOG] Emitting event: change:/home/fabioscalzer/projetos/documentação/documentacao/comercio/coletaInteligente/coletaInteligente.md
[18:05:20] [Info] [DocumentManager] Processing change for /home/fabioscalzer/projetos/documentação/documentacao/comercio/coletaInteligente/coletaInteligente.md
[18:05:20] [Info] [DocumentManager] File /home/fabioscalzer/projetos/documentação/documentacao/comercio/coletaInteligente/coletaInteligente.md saved.
[18:05:46] [Info] [WATCHDOG] Emitting event: change:/home/fabioscalzer/projetos/documentação/documentacao/comercio/coletaInteligente/coletaInteligente.md
[18:05:46] [Info] [DocumentManager] Processing change for /home/fabioscalzer/projetos/documentação/documentacao/comercio/coletaInteligente/coletaInteligente.md
[18:05:46] [Info] [DocumentManager] File /home/fabioscalzer/projetos/documentação/documentacao/comercio/coletaInteligente/coletaInteligente.md saved.
[18:08:11] [Info] [DocumentManager] Processing change for /home/fabioscalzer/projetos/documentação/documentacao/comercio/coletaInteligente/coletaInteligente.md
[18:08:11] [Info] [WATCHDOG] Emitting event: change:/home/fabioscalzer/projetos/documentação/documentacao/comercio/coletaInteligente/coletaInteligente.md
[18:08:11] [Info] [DocumentManager] File /home/fabioscalzer/projetos/documentação/documentacao/comercio/coletaInteligente/coletaInteligente.md saved.
[18:12:15] [Info] [WATCHDOG] Emitting event: change:/home/fabioscalzer/projetos/documentação/documentacao/comercio/coletaInteligente/coletaInteligente.md
[18:12:15] [Info] [DocumentManager] Processing change for /home/fabioscalzer/projetos/documentação/documentacao/comercio/coletaInteligente/coletaInteligente.md
[18:12:15] [Info] [DocumentManager] File /home/fabioscalzer/projetos/documentação/documentacao/comercio/coletaInteligente/coletaInteligente.md saved.
[18:15:00] [Info] [WATCHDOG] Emitting event: change:/home/fabioscalzer/projetos/documentação/documentacao/comercio/coletaInteligente/coletaInteligente.md
[18:15:00] [Info] [DocumentManager] Processing change for /home/fabioscalzer/projetos/documentação/documentacao/comercio/coletaInteligente/coletaInteligente.md
[18:15:00] [Info] [DocumentManager] File /home/fabioscalzer/projetos/documentação/documentacao/comercio/coletaInteligente/coletaInteligente.md saved.
[18:16:24] [Info] [WATCHDOG] Emitting event: change:/home/fabioscalzer/projetos/documentação/documentacao/Tarefas.md
[18:16:24] [Info] [DocumentManager] Processing change for /home/fabioscalzer/projetos/documentação/documentacao/Tarefas.md
[18:16:31] [Warning] [R] [Main Window (619fcd54-5f5e-48cf-b84a-d1e74893f878)] Could not apply delta, either local or remote not available [object Proxy] undefined 12cce7af-0b77-4489-9322-fede5bb75950 (index.js:2)
[18:16:31] [Warning] [R] [Main Window (619fcd54-5f5e-48cf-b84a-d1e74893f878)] Could not apply delta, either local or remote not available [object Proxy] undefined 12cce7af-0b77-4489-9322-fede5bb75950 (index.js:2)
[18:16:55] [Info] [WATCHDOG] Emitting event: change:/home/fabioscalzer/projetos/documentação/documentacao/Tarefas.md
[18:16:55] [Info] [DocumentManager] File /home/fabioscalzer/projetos/documentação/documentacao/Tarefas.md saved.
[18:17:35] [Info] [WATCHDOG] Emitting event: change:/home/fabioscalzer/projetos/documentação/documentacao/Tarefas.md
[18:17:35] [Info] [DocumentManager] File /home/fabioscalzer/projetos/documentação/documentacao/Tarefas.md saved.
[18:17:49] [Info] [WATCHDOG] Emitting event: change:/home/fabioscalzer/projetos/documentação/documentacao/Tarefas.md
[18:17:49] [Info] [DocumentManager] File /home/fabioscalzer/projetos/documentação/documentacao/Tarefas.md saved.
[18:17:52] [Info] [WATCHDOG] Emitting event: change:/home/fabioscalzer/projetos/documentação/documentacao/Tarefas.md
[18:17:52] [Info] [DocumentManager] File /home/fabioscalzer/projetos/documentação/documentacao/Tarefas.md saved.
